ERROR StackTrace - Full Stack Trace:
org.grails.taglib.GrailsTagException: [views/tekEvent/create.gsp:35] Error executing tag <g:form>: [views/tekEvent/create.gsp:30] Error executing tag <f:all>: No signature of method: com.tekdays.TekEvent.messages() is applicable for argument types: (java.util.LinkedHashMap) values: [[nullable:true]]
Possible solutions: merge(), getMessags(), merge(com.tekdays.TekEvent), merge(java.util.Map)
	at org.grails.gsp.GroovyPage.throwRootCause(GroovyPage.java:445) ~[grails-gsp-3.1.1.jar:3.1.1]
	at org.grails.gsp.GroovyPage.invokeTag(GroovyPage.java:388) ~[grails-gsp-3.1.1.jar:3.1.1]
	at sun.reflect.GeneratedMethodAccessor174.invoke(Unknown Source) ~[na:na]
	at sun.reflect.DelegatingMethodAccessorImpl.invoke(DelegatingMethodAccessorImpl.java:43) ~[na:1.8.0_25]
	at java.lang.reflect.Method.invoke(Method.java:483) ~[na:1.8.0_25]
	at org.springsource.loaded.ri.ReflectiveInterceptor.jlrMethodInvoke(ReflectiveInterceptor.java:1426) ~[springloaded-1.2.5.RELEASE.jar:1.2.5.RELEASE]
	at org.codehaus.groovy.reflection.CachedMethod.invoke(CachedMethod.java:93) ~[groovy-2.4.5.jar:2.4.5]
	at groovy.lang.MetaMethod.doMethodInvoke(MetaMethod.java:325) ~[groovy-2.4.5.jar:2.4.5]
	at org.codehaus.groovy.runtime.metaclass.ClosureMetaClass.invokeMethod(ClosureMetaClass.java:384) ~[groovy-2.4.5.jar:2.4.5]
	at groovy.lang.MetaClassImpl.invokeMethod(MetaClassImpl.java:1019) ~[groovy-2.4.5.jar:2.4.5]
	at org.codehaus.groovy.runtime.callsite.PogoMetaClassSite.callCurrent(PogoMetaClassSite.java:69) ~[groovy-2.4.5.jar:2.4.5]
	at org.codehaus.groovy.runtime.callsite.CallSiteArray.defaultCallCurrent(CallSiteArray.java:52) ~[groovy-2.4.5.jar:2.4.5]
	at org.codehaus.groovy.runtime.callsite.AbstractCallSite.callCurrent(AbstractCallSite.java:154) ~[groovy-2.4.5.jar:2.4.5]
	at Users_walu_groovy_TekDays_grails_app_views_tekEvent_create_gsp$_run_closure2.doCall(Users_walu_groovy_TekDays_grails_app_views_tekEvent_create_gsp:79) ~[na:na]
	at sun.reflect.NativeMethodAccessorImpl.invoke0(Native Method) ~[na:1.8.0_25]
	at sun.reflect.NativeMethodAccessorImpl.invoke(NativeMethodAccessorImpl.java:62) ~[na:1.8.0_25]
	at sun.reflect.DelegatingMethodAccessorImpl.invoke(DelegatingMethodAccessorImpl.java:43) ~[na:1.8.0_25]
	at java.lang.reflect.Method.invoke(Method.java:483) ~[na:1.8.0_25]
	at org.springsource.loaded.ri.ReflectiveInterceptor.jlrMethodInvoke(ReflectiveInterceptor.java:1426) ~[springloaded-1.2.5.RELEASE.jar:1.2.5.RELEASE]
	at org.codehaus.groovy.reflection.CachedMethod.invoke(CachedMethod.java:93) ~[groovy-2.4.5.jar:2.4.5]
	at groovy.lang.MetaMethod.doMethodInvoke(MetaMethod.java:325) ~[groovy-2.4.5.jar:2.4.5]
	at org.codehaus.groovy.runtime.metaclass.ClosureMetaClass.invokeMethod(ClosureMetaClass.java:294) ~[groovy-2.4.5.jar:2.4.5]
	at groovy.lang.MetaClassImpl.invokeMethod(MetaClassImpl.java:1019) ~[groovy-2.4.5.jar:2.4.5]
	at groovy.lang.Closure.call(Closure.java:426) ~[groovy-2.4.5.jar:2.4.5]
	at groovy.lang.Closure.call(Closure.java:420) ~[groovy-2.4.5.jar:2.4.5]
	at org.grails.taglib.TagBodyClosure.executeClosure(TagBodyClosure.java:200) ~[grails-taglib-3.1.1.jar:3.1.1]
	at org.grails.taglib.TagBodyClosure.captureClosureOutput(TagBodyClosure.java:102) ~[grails-taglib-3.1.1.jar:3.1.1]
	at org.grails.taglib.TagBodyClosure.call(TagBodyClosure.java:213) ~[grails-taglib-3.1.1.jar:3.1.1]
	at org.grails.plugins.web.taglib.SitemeshTagLib.captureTagContent(SitemeshTagLib.groovy:48) ~[grails-web-gsp-taglib-3.1.1.jar:3.1.1]
	at org.grails.plugins.web.taglib.SitemeshTagLib.captureTagContent(SitemeshTagLib.groovy) ~[grails-web-gsp-taglib-3.1.1.jar:3.1.1]
	at org.grails.plugins.web.taglib.SitemeshTagLib$_closure3.doCall(SitemeshTagLib.groovy:156) ~[grails-web-gsp-taglib-3.1.1.jar:3.1.1]
	at sun.reflect.NativeMethodAccessorImpl.invoke0(Native Method) ~[na:1.8.0_25]
	at sun.reflect.NativeMethodAccessorImpl.invoke(NativeMethodAccessorImpl.java:62) ~[na:1.8.0_25]
	at sun.reflect.DelegatingMethodAccessorImpl.invoke(DelegatingMethodAccessorImpl.java:43) ~[na:1.8.0_25]
	at java.lang.reflect.Method.invoke(Method.java:483) ~[na:1.8.0_25]
	at org.springsource.loaded.ri.ReflectiveInterceptor.jlrMethodInvoke(ReflectiveInterceptor.java:1426) ~[springloaded-1.2.5.RELEASE.jar:1.2.5.RELEASE]
	at org.codehaus.groovy.reflection.CachedMethod.invoke(CachedMethod.java:93) ~[groovy-2.4.5.jar:2.4.5]
	at groovy.lang.MetaMethod.doMethodInvoke(MetaMethod.java:325) ~[groovy-2.4.5.jar:2.4.5]
	at org.codehaus.groovy.runtime.metaclass.ClosureMetaClass.invokeMethod(ClosureMetaClass.java:294) ~[groovy-2.4.5.jar:2.4.5]
	at groovy.lang.MetaClassImpl.invokeMethod(MetaClassImpl.java:1019) ~[groovy-2.4.5.jar:2.4.5]
	at groovy.lang.Closure.call(Closure.java:426) ~[groovy-2.4.5.jar:2.4.5]
	at org.grails.gsp.GroovyPage.invokeTagLibClosure(GroovyPage.java:419) ~[grails-gsp-3.1.1.jar:3.1.1]
	at org.grails.gsp.GroovyPage.invokeTag(GroovyPage.java:337) ~[grails-gsp-3.1.1.jar:3.1.1]
	at org.grails.gsp.GroovyPage$invokeTag$4.callCurrent(Unknown Source) ~[na:na]
	at org.codehaus.groovy.runtime.callsite.CallSiteArray.defaultCallCurrent(CallSiteArray.java:52) ~[groovy-2.4.5.jar:2.4.5]
	at org.codehaus.groovy.runtime.callsite.AbstractCallSite.callCurrent(AbstractCallSite.java:154) ~[groovy-2.4.5.jar:2.4.5]
	at Users_walu_groovy_TekDays_grails_app_views_tekEvent_create_gsp.run(Users_walu_groovy_TekDays_grails_app_views_tekEvent_create_gsp:82) ~[na:na]
	at org.grails.gsp.GroovyPageWritable.doWriteTo(GroovyPageWritable.java:164) ~[grails-gsp-3.1.1.jar:3.1.1]
	at org.grails.gsp.GroovyPageWritable.writeTo(GroovyPageWritable.java:82) ~[grails-gsp-3.1.1.jar:3.1.1]
	at org.grails.web.servlet.view.GroovyPageView.renderTemplate(GroovyPageView.java:76) ~[grails-web-gsp-3.1.1.jar:3.1.1]
	at org.grails.web.servlet.view.AbstractGrailsView.renderWithinGrailsWebRequest(AbstractGrailsView.java:71) [grails-web-common-3.1.1.jar:3.1.1]
	at org.grails.web.servlet.view.AbstractGrailsView.renderMergedOutputModel(AbstractGrailsView.java:55) [grails-web-common-3.1.1.jar:3.1.1]
	at org.springframework.web.servlet.view.AbstractView.render(AbstractView.java:303) [spring-webmvc-4.2.4.RELEASE.jar:4.2.4.RELEASE]
	at org.grails.web.sitemesh.GrailsLayoutView.renderInnerView(GrailsLayoutView.java:125) [grails-web-sitemesh-3.1.1.jar:3.1.1]
	at org.grails.web.sitemesh.GrailsLayoutView.obtainContent(GrailsLayoutView.java:106) [grails-web-sitemesh-3.1.1.jar:3.1.1]
	at org.grails.web.sitemesh.GrailsLayoutView.renderTemplate(GrailsLayoutView.java:55) [grails-web-sitemesh-3.1.1.jar:3.1.1]
	at org.grails.web.servlet.view.AbstractGrailsView.renderWithinGrailsWebRequest(AbstractGrailsView.java:71) [grails-web-common-3.1.1.jar:3.1.1]
	at org.grails.web.servlet.view.AbstractGrailsView.renderMergedOutputModel(AbstractGrailsView.java:55) [grails-web-common-3.1.1.jar:3.1.1]
	at org.springframework.web.servlet.view.AbstractView.render(AbstractView.java:303) [spring-webmvc-4.2.4.RELEASE.jar:4.2.4.RELEASE]
	at org.springframework.web.servlet.DispatcherServlet.render(DispatcherServlet.java:1243) [spring-webmvc-4.2.4.RELEASE.jar:4.2.4.RELEASE]
	at org.springframework.web.servlet.DispatcherServlet.processDispatchResult(DispatcherServlet.java:1027) [spring-webmvc-4.2.4.RELEASE.jar:4.2.4.RELEASE]
	at org.springframework.web.servlet.DispatcherServlet.doDispatch(DispatcherServlet.java:971) [spring-webmvc-4.2.4.RELEASE.jar:4.2.4.RELEASE]
	at org.springframework.web.servlet.DispatcherServlet.doService(DispatcherServlet.java:893) [spring-webmvc-4.2.4.RELEASE.jar:4.2.4.RELEASE]
	at org.springframework.web.servlet.FrameworkServlet.processRequest(FrameworkServlet.java:969) [spring-webmvc-4.2.4.RELEASE.jar:4.2.4.RELEASE]
	at org.springframework.web.servlet.FrameworkServlet.doGet(FrameworkServlet.java:860) [spring-webmvc-4.2.4.RELEASE.jar:4.2.4.RELEASE]
	at javax.servlet.http.HttpServlet.service(HttpServlet.java:622) [tomcat-embed-core-8.0.30.jar:8.0.30]
	at org.springframework.web.servlet.FrameworkServlet.service(FrameworkServlet.java:845) [spring-webmvc-4.2.4.RELEASE.jar:4.2.4.RELEASE]
	at javax.servlet.http.HttpServlet.service(HttpServlet.java:729) [tomcat-embed-core-8.0.30.jar:8.0.30]
	at org.apache.catalina.core.ApplicationFilterChain.internalDoFilter(ApplicationFilterChain.java:291) [tomcat-embed-core-8.0.30.jar:8.0.30]
	at org.apache.catalina.core.ApplicationFilterChain.doFilter(ApplicationFilterChain.java:206) [tomcat-embed-core-8.0.30.jar:8.0.30]
	at org.apache.tomcat.websocket.server.WsFilter.doFilter(WsFilter.java:52) [tomcat-embed-websocket-8.0.30.jar:8.0.30]
	at org.apache.catalina.core.ApplicationFilterChain.internalDoFilter(ApplicationFilterChain.java:239) [tomcat-embed-core-8.0.30.jar:8.0.30]
	at org.apache.catalina.core.ApplicationFilterChain.doFilter(ApplicationFilterChain.java:206) [tomcat-embed-core-8.0.30.jar:8.0.30]
	at org.springframework.boot.actuate.autoconfigure.EndpointWebMvcAutoConfiguration$ApplicationContextHeaderFilter.doFilterInternal(EndpointWebMvcAutoConfiguration.java:237) [spring-boot-actuator-1.3.2.RELEASE.jar:1.3.2.RELEASE]
	at org.springframework.web.filter.OncePerRequestFilter.doFilter(OncePerRequestFilter.java:107) [spring-web-4.2.4.RELEASE.jar:4.2.4.RELEASE]
	at org.apache.catalina.core.ApplicationFilterChain.internalDoFilter(ApplicationFilterChain.java:239) [tomcat-embed-core-8.0.30.jar:8.0.30]
	at org.apache.catalina.core.ApplicationFilterChain.doFilter(ApplicationFilterChain.java:206) [tomcat-embed-core-8.0.30.jar:8.0.30]
	at org.springframework.boot.actuate.trace.WebRequestTraceFilter.doFilterInternal(WebRequestTraceFilter.java:111) [spring-boot-actuator-1.3.2.RELEASE.jar:1.3.2.RELEASE]
	at org.springframework.web.filter.OncePerRequestFilter.doFilter(OncePerRequestFilter.java:107) [spring-web-4.2.4.RELEASE.jar:4.2.4.RELEASE]
	at org.apache.catalina.core.ApplicationFilterChain.internalDoFilter(ApplicationFilterChain.java:239) [tomcat-embed-core-8.0.30.jar:8.0.30]
	at org.apache.catalina.core.ApplicationFilterChain.doFilter(ApplicationFilterChain.java:206) [tomcat-embed-core-8.0.30.jar:8.0.30]
	at org.grails.web.servlet.mvc.GrailsWebRequestFilter.doFilterInternal(GrailsWebRequestFilter.java:73) [grails-web-mvc-3.1.1.jar:3.1.1]
	at org.springframework.web.filter.OncePerRequestFilter.doFilter(OncePerRequestFilter.java:107) [spring-web-4.2.4.RELEASE.jar:4.2.4.RELEASE]
	at org.apache.catalina.core.ApplicationFilterChain.internalDoFilter(ApplicationFilterChain.java:239) [tomcat-embed-core-8.0.30.jar:8.0.30]
	at org.apache.catalina.core.ApplicationFilterChain.doFilter(ApplicationFilterChain.java:206) [tomcat-embed-core-8.0.30.jar:8.0.30]
	at org.grails.web.filters.HiddenHttpMethodFilter.doFilterInternal(HiddenHttpMethodFilter.java:67) [grails-web-mvc-3.1.1.jar:3.1.1]
	at org.springframework.web.filter.OncePerRequestFilter.doFilter(OncePerRequestFilter.java:107) [spring-web-4.2.4.RELEASE.jar:4.2.4.RELEASE]
	at org.apache.catalina.core.ApplicationFilterChain.internalDoFilter(ApplicationFilterChain.java:239) [tomcat-embed-core-8.0.30.jar:8.0.30]
	at org.apache.catalina.core.ApplicationFilterChain.doFilter(ApplicationFilterChain.java:206) [tomcat-embed-core-8.0.30.jar:8.0.30]
	at org.springframework.web.filter.CharacterEncodingFilter.doFilterInternal(CharacterEncodingFilter.java:121) [spring-web-4.2.4.RELEASE.jar:4.2.4.RELEASE]
	at org.springframework.web.filter.OncePerRequestFilter.doFilter(OncePerRequestFilter.java:107) [spring-web-4.2.4.RELEASE.jar:4.2.4.RELEASE]
	at org.apache.catalina.core.ApplicationFilterChain.internalDoFilter(ApplicationFilterChain.java:239) [tomcat-embed-core-8.0.30.jar:8.0.30]
	at org.apache.catalina.core.ApplicationFilterChain.doFilter(ApplicationFilterChain.java:206) [tomcat-embed-core-8.0.30.jar:8.0.30]
	at org.springframework.boot.actuate.autoconfigure.MetricsFilter.doFilterInternal(MetricsFilter.java:103) [spring-boot-actuator-1.3.2.RELEASE.jar:1.3.2.RELEASE]
	at org.springframework.web.filter.OncePerRequestFilter.doFilter(OncePerRequestFilter.java:107) [spring-web-4.2.4.RELEASE.jar:4.2.4.RELEASE]
	at org.apache.catalina.core.ApplicationFilterChain.internalDoFilter(ApplicationFilterChain.java:239) [tomcat-embed-core-8.0.30.jar:8.0.30]
	at org.apache.catalina.core.ApplicationFilterChain.doFilter(ApplicationFilterChain.java:206) [tomcat-embed-core-8.0.30.jar:8.0.30]
	at org.apache.catalina.core.StandardWrapperValve.invoke(StandardWrapperValve.java:212) [tomcat-embed-core-8.0.30.jar:8.0.30]
	at org.apache.catalina.core.StandardContextValve.invoke(StandardContextValve.java:106) [tomcat-embed-core-8.0.30.jar:8.0.30]
	at org.apache.catalina.authenticator.AuthenticatorBase.invoke(AuthenticatorBase.java:502) [tomcat-embed-core-8.0.30.jar:8.0.30]
	at org.apache.catalina.core.StandardHostValve.invoke(StandardHostValve.java:141) [tomcat-embed-core-8.0.30.jar:8.0.30]
	at org.apache.catalina.valves.ErrorReportValve.invoke(ErrorReportValve.java:79) [tomcat-embed-core-8.0.30.jar:8.0.30]
	at org.apache.catalina.core.StandardEngineValve.invoke(StandardEngineValve.java:88) [tomcat-embed-core-8.0.30.jar:8.0.30]
	at org.apache.catalina.connector.CoyoteAdapter.service(CoyoteAdapter.java:521) [tomcat-embed-core-8.0.30.jar:8.0.30]
	at org.apache.coyote.http11.AbstractHttp11Processor.process(AbstractHttp11Processor.java:1096) [tomcat-embed-core-8.0.30.jar:8.0.30]
	at org.apache.coyote.AbstractProtocol$AbstractConnectionHandler.process(AbstractProtocol.java:674) [tomcat-embed-core-8.0.30.jar:8.0.30]
	at org.apache.tomcat.util.net.NioEndpoint$SocketProcessor.doRun(NioEndpoint.java:1500) [tomcat-embed-core-8.0.30.jar:8.0.30]
	at org.apache.tomcat.util.net.NioEndpoint$SocketProcessor.run(NioEndpoint.java:1456) [tomcat-embed-core-8.0.30.jar:8.0.30]
	at java.util.concurrent.ThreadPoolExecutor.runWorker(ThreadPoolExecutor.java:1142) [na:1.8.0_25]
	at java.util.concurrent.ThreadPoolExecutor$Worker.run(ThreadPoolExecutor.java:617) [na:1.8.0_25]
	at org.apache.tomcat.util.threads.TaskThread$WrappingRunnable.run(TaskThread.java:61) [tomcat-embed-core-8.0.30.jar:8.0.30]
	at java.lang.Thread.run(Thread.java:745) [na:1.8.0_25]
Caused by: org.grails.taglib.GrailsTagException: [views/tekEvent/create.gsp:30] Error executing tag <f:all>: No signature of method: com.tekdays.TekEvent.messages() is applicable for argument types: (java.util.LinkedHashMap) values: [[nullable:true]]
Possible solutions: merge(), getMessags(), merge(com.tekdays.TekEvent), merge(java.util.Map)
	at org.grails.gsp.GroovyPage.throwRootCause(GroovyPage.java:445) ~[grails-gsp-3.1.1.jar:3.1.1]
	at org.grails.gsp.GroovyPage.invokeTag(GroovyPage.java:388) ~[grails-gsp-3.1.1.jar:3.1.1]
	at sun.reflect.GeneratedMethodAccessor174.invoke(Unknown Source) ~[na:na]
	at sun.reflect.DelegatingMethodAccessorImpl.invoke(DelegatingMethodAccessorImpl.java:43) ~[na:1.8.0_25]
	at java.lang.reflect.Method.invoke(Method.java:483) ~[na:1.8.0_25]
	at org.springsource.loaded.ri.ReflectiveInterceptor.jlrMethodInvoke(ReflectiveInterceptor.java:1426) ~[springloaded-1.2.5.RELEASE.jar:1.2.5.RELEASE]
	at org.codehaus.groovy.reflection.CachedMethod.invoke(CachedMethod.java:93) ~[groovy-2.4.5.jar:2.4.5]
	at groovy.lang.MetaMethod.doMethodInvoke(MetaMethod.java:325) ~[groovy-2.4.5.jar:2.4.5]
	at org.codehaus.groovy.runtime.metaclass.ClosureMetaClass.invokeMethod(ClosureMetaClass.java:384) ~[groovy-2.4.5.jar:2.4.5]
	at groovy.lang.MetaClassImpl.invokeMethod(MetaClassImpl.java:1019) ~[groovy-2.4.5.jar:2.4.5]
	at org.codehaus.groovy.runtime.callsite.PogoMetaClassSite.callCurrent(PogoMetaClassSite.java:69) ~[groovy-2.4.5.jar:2.4.5]
	at org.codehaus.groovy.runtime.callsite.CallSiteArray.defaultCallCurrent(CallSiteArray.java:52) ~[groovy-2.4.5.jar:2.4.5]
	at org.codehaus.groovy.runtime.callsite.AbstractCallSite.callCurrent(AbstractCallSite.java:154) ~[groovy-2.4.5.jar:2.4.5]
	at Users_walu_groovy_TekDays_grails_app_views_tekEvent_create_gsp$_run_closure2$_closure24.doCall(Users_walu_groovy_TekDays_grails_app_views_tekEvent_create_gsp:74) ~[na:na]
	at sun.reflect.NativeMethodAccessorImpl.invoke0(Native Method) ~[na:1.8.0_25]
	at sun.reflect.NativeMethodAccessorImpl.invoke(NativeMethodAccessorImpl.java:62) ~[na:1.8.0_25]
	at sun.reflect.DelegatingMethodAccessorImpl.invoke(DelegatingMethodAccessorImpl.java:43) ~[na:1.8.0_25]
	at java.lang.reflect.Method.invoke(Method.java:483) ~[na:1.8.0_25]
	at org.springsource.loaded.ri.ReflectiveInterceptor.jlrMethodInvoke(ReflectiveInterceptor.java:1426) ~[springloaded-1.2.5.RELEASE.jar:1.2.5.RELEASE]
	at org.codehaus.groovy.reflection.CachedMethod.invoke(CachedMethod.java:93) ~[groovy-2.4.5.jar:2.4.5]
	at groovy.lang.MetaMethod.doMethodInvoke(MetaMethod.java:325) ~[groovy-2.4.5.jar:2.4.5]
	at org.codehaus.groovy.runtime.metaclass.ClosureMetaClass.invokeMethod(ClosureMetaClass.java:294) ~[groovy-2.4.5.jar:2.4.5]
	at groovy.lang.MetaClassImpl.invokeMethod(MetaClassImpl.java:1019) ~[groovy-2.4.5.jar:2.4.5]
	at groovy.lang.Closure.call(Closure.java:426) ~[groovy-2.4.5.jar:2.4.5]
	at groovy.lang.Closure.call(Closure.java:420) ~[groovy-2.4.5.jar:2.4.5]
	at org.grails.taglib.TagBodyClosure.executeClosure(TagBodyClosure.java:200) ~[grails-taglib-3.1.1.jar:3.1.1]
	at org.grails.taglib.TagBodyClosure.captureClosureOutput(TagBodyClosure.java:102) ~[grails-taglib-3.1.1.jar:3.1.1]
	at org.grails.taglib.TagBodyClosure.call(TagBodyClosure.java:213) ~[grails-taglib-3.1.1.jar:3.1.1]
	at java_util_concurrent_Callable$call.call(Unknown Source) ~[na:na]
	at org.codehaus.groovy.runtime.callsite.CallSiteArray.defaultCall(CallSiteArray.java:48) ~[groovy-2.4.5.jar:2.4.5]
	at org.codehaus.groovy.runtime.callsite.AbstractCallSite.call(AbstractCallSite.java:113) ~[groovy-2.4.5.jar:2.4.5]
	at org.codehaus.groovy.runtime.callsite.AbstractCallSite.call(AbstractCallSite.java:117) ~[groovy-2.4.5.jar:2.4.5]
	at org.grails.plugins.web.taglib.FormTagLib$_closure9.doCall(FormTagLib.groovy:443) ~[grails-plugin-gsp-3.1.1.jar:3.1.1]
	at sun.reflect.NativeMethodAccessorImpl.invoke0(Native Method) ~[na:1.8.0_25]
	at sun.reflect.NativeMethodAccessorImpl.invoke(NativeMethodAccessorImpl.java:62) ~[na:1.8.0_25]
	at sun.reflect.DelegatingMethodAccessorImpl.invoke(DelegatingMethodAccessorImpl.java:43) ~[na:1.8.0_25]
	at java.lang.reflect.Method.invoke(Method.java:483) ~[na:1.8.0_25]
	at org.springsource.loaded.ri.ReflectiveInterceptor.jlrMethodInvoke(ReflectiveInterceptor.java:1426) ~[springloaded-1.2.5.RELEASE.jar:1.2.5.RELEASE]
	at org.codehaus.groovy.reflection.CachedMethod.invoke(CachedMethod.java:93) ~[groovy-2.4.5.jar:2.4.5]
	at groovy.lang.MetaMethod.doMethodInvoke(MetaMethod.java:325) ~[groovy-2.4.5.jar:2.4.5]
	at org.codehaus.groovy.runtime.metaclass.ClosureMetaClass.invokeMethod(ClosureMetaClass.java:294) ~[groovy-2.4.5.jar:2.4.5]
	at groovy.lang.MetaClassImpl.invokeMethod(MetaClassImpl.java:1019) ~[groovy-2.4.5.jar:2.4.5]
	at groovy.lang.Closure.call(Closure.java:426) ~[groovy-2.4.5.jar:2.4.5]
	at org.grails.gsp.GroovyPage.invokeTagLibClosure(GroovyPage.java:419) ~[grails-gsp-3.1.1.jar:3.1.1]
	at org.grails.gsp.GroovyPage.invokeTag(GroovyPage.java:337) ~[grails-gsp-3.1.1.jar:3.1.1]
	... 110 common frames omitted
Caused by: groovy.lang.MissingMethodException: No signature of method: com.tekdays.TekEvent.messages() is applicable for argument types: (java.util.LinkedHashMap) values: [[nullable:true]]
Possible solutions: merge(), getMessags(), merge(com.tekdays.TekEvent), merge(java.util.Map)
	at org.codehaus.groovy.runtime.ScriptBytecodeAdapter.unwrap(ScriptBytecodeAdapter.java:58) ~[groovy-2.4.5.jar:2.4.5]
	at org.codehaus.groovy.runtime.callsite.PogoMetaClassSite.callCurrent(PogoMetaClassSite.java:81) ~[groovy-2.4.5.jar:2.4.5]
	at org.codehaus.groovy.runtime.callsite.AbstractCallSite.callCurrent(AbstractCallSite.java:166) ~[groovy-2.4.5.jar:2.4.5]
	at com.tekdays.TekEvent$__clinit__closure1.doCall(TekEvent.groovy:35) ~[main/:na]
	at com.tekdays.TekEvent$__clinit__closure1.doCall(TekEvent.groovy) ~[main/:na]
	at sun.reflect.NativeMethodAccessorImpl.invoke0(Native Method) ~[na:1.8.0_25]
	at sun.reflect.NativeMethodAccessorImpl.invoke(NativeMethodAccessorImpl.java:62) ~[na:1.8.0_25]
	at sun.reflect.DelegatingMethodAccessorImpl.invoke(DelegatingMethodAccessorImpl.java:43) ~[na:1.8.0_25]
	at java.lang.reflect.Method.invoke(Method.java:483) ~[na:1.8.0_25]
	at org.springsource.loaded.ri.ReflectiveInterceptor.jlrMethodInvoke(ReflectiveInterceptor.java:1426) ~[springloaded-1.2.5.RELEASE.jar:1.2.5.RELEASE]
	at org.codehaus.groovy.reflection.CachedMethod.invoke(CachedMethod.java:93) ~[groovy-2.4.5.jar:2.4.5]
	at groovy.lang.MetaMethod.doMethodInvoke(MetaMethod.java:325) ~[groovy-2.4.5.jar:2.4.5]
	at org.codehaus.groovy.runtime.metaclass.ClosureMetaClass.invokeMethod(ClosureMetaClass.java:294) ~[groovy-2.4.5.jar:2.4.5]
	at groovy.lang.MetaClassImpl.invokeMethod(MetaClassImpl.java:1019) ~[groovy-2.4.5.jar:2.4.5]
	at groovy.lang.Closure.call(Closure.java:426) ~[groovy-2.4.5.jar:2.4.5]
	at com.tekdays.TekEvent$__clinit__closure1.call(TekEvent.groovy) ~[main/:na]
	at groovy.lang.Closure.call(Closure.java:420) ~[groovy-2.4.5.jar:2.4.5]
	at com.tekdays.TekEvent$__clinit__closure1.call(TekEvent.groovy) ~[main/:na]
	at org.grails.validation.DefaultConstraintEvaluator.evaluateConstraints(DefaultConstraintEvaluator.java:125) ~[grails-validation-3.1.1.jar:3.1.1]
	at org.grails.validation.DefaultConstraintEvaluator.evaluateConstraints(DefaultConstraintEvaluator.java:92) ~[grails-validation-3.1.1.jar:3.1.1]
	at org.grails.validation.DefaultConstraintEvaluator.evaluate(DefaultConstraintEvaluator.java:318) ~[grails-validation-3.1.1.jar:3.1.1]
	at org.grails.core.DefaultGrailsDomainClass.initializeConstraints(DefaultGrailsDomainClass.java:763) ~[grails-core-3.1.1.jar:3.1.1]
	at org.grails.core.DefaultGrailsDomainClass.getConstrainedProperties(DefaultGrailsDomainClass.java:754) ~[grails-core-3.1.1.jar:3.1.1]
	at sun.reflect.NativeMethodAccessorImpl.invoke0(Native Method) ~[na:1.8.0_25]
	at sun.reflect.NativeMethodAccessorImpl.invoke(NativeMethodAccessorImpl.java:62) ~[na:1.8.0_25]
	at sun.reflect.DelegatingMethodAccessorImpl.invoke(DelegatingMethodAccessorImpl.java:43) ~[na:1.8.0_25]
	at java.lang.reflect.Method.invoke(Method.java:483) ~[na:1.8.0_25]
	at org.springsource.loaded.ri.ReflectiveInterceptor.jlrMethodInvoke(ReflectiveInterceptor.java:1426) ~[springloaded-1.2.5.RELEASE.jar:1.2.5.RELEASE]
	at org.codehaus.groovy.reflection.CachedMethod.invoke(CachedMethod.java:93) ~[groovy-2.4.5.jar:2.4.5]
	at groovy.lang.MetaMethod.doMethodInvoke(MetaMethod.java:325) ~[groovy-2.4.5.jar:2.4.5]
	at org.codehaus.groovy.runtime.metaclass.MethodMetaProperty$GetBeanMethodMetaProperty.getProperty(MethodMetaProperty.java:76) ~[groovy-2.4.5.jar:2.4.5]
	at org.codehaus.groovy.runtime.callsite.GetEffectivePojoPropertySite.getProperty(GetEffectivePojoPropertySite.java:64) ~[groovy-2.4.5.jar:2.4.5]
	at org.codehaus.groovy.runtime.callsite.AbstractCallSite.callGetProperty(AbstractCallSite.java:296) ~[groovy-2.4.5.jar:2.4.5]
	at grails.plugin.formfields.FormFieldsTagLib$_resolvePersistentProperties_closure13.doCall(FormFieldsTagLib.groovy:425) ~[fields-2.1.2.jar:na]
	at sun.reflect.NativeMethodAccessorImpl.invoke0(Native Method) ~[na:1.8.0_25]
	at sun.reflect.NativeMethodAccessorImpl.invoke(NativeMethodAccessorImpl.java:62) ~[na:1.8.0_25]
	at sun.reflect.DelegatingMethodAccessorImpl.invoke(DelegatingMethodAccessorImpl.java:43) ~[na:1.8.0_25]
	at java.lang.reflect.Method.invoke(Method.java:483) ~[na:1.8.0_25]
	at org.springsource.loaded.ri.ReflectiveInterceptor.jlrMethodInvoke(ReflectiveInterceptor.java:1426) ~[springloaded-1.2.5.RELEASE.jar:1.2.5.RELEASE]
	at org.codehaus.groovy.reflection.CachedMethod.invoke(CachedMethod.java:93) ~[groovy-2.4.5.jar:2.4.5]
	at groovy.lang.MetaMethod.doMethodInvoke(MetaMethod.java:325) ~[groovy-2.4.5.jar:2.4.5]
	at org.codehaus.groovy.runtime.metaclass.ClosureMetaClass.invokeMethod(ClosureMetaClass.java:294) ~[groovy-2.4.5.jar:2.4.5]
	at groovy.lang.MetaClassImpl.invokeMethod(MetaClassImpl.java:1019) ~[groovy-2.4.5.jar:2.4.5]
	at org.codehaus.groovy.runtime.callsite.PogoMetaClassSite.call(PogoMetaClassSite.java:42) ~[groovy-2.4.5.jar:2.4.5]
	at org.codehaus.groovy.runtime.callsite.CallSiteArray.defaultCall(CallSiteArray.java:48) ~[groovy-2.4.5.jar:2.4.5]
	at org.codehaus.groovy.runtime.callsite.AbstractCallSite.call(AbstractCallSite.java:113) ~[groovy-2.4.5.jar:2.4.5]
	at org.codehaus.groovy.runtime.callsite.BooleanReturningMethodInvoker.invoke(BooleanReturningMethodInvoker.java:51) ~[groovy-2.4.5.jar:2.4.5]
	at org.codehaus.groovy.runtime.callsite.BooleanClosureWrapper.call(BooleanClosureWrapper.java:53) ~[groovy-2.4.5.jar:2.4.5]
	at org.codehaus.groovy.runtime.DefaultGroovyMethods.removeAll(DefaultGroovyMethods.java:4417) ~[groovy-2.4.5.jar:2.4.5]
	at org.codehaus.groovy.runtime.dgm$519.invoke(Unknown Source) ~[groovy-2.4.5.jar:2.4.5]
	at org.codehaus.groovy.runtime.callsite.PojoMetaMethodSite$PojoMetaMethodSiteNoUnwrapNoCoerce.invoke(PojoMetaMethodSite.java:274) ~[groovy-2.4.5.jar:2.4.5]
	at org.codehaus.groovy.runtime.callsite.PojoMetaMethodSite.call(PojoMetaMethodSite.java:56) ~[groovy-2.4.5.jar:2.4.5]
	at org.codehaus.groovy.runtime.callsite.CallSiteArray.defaultCall(CallSiteArray.java:48) ~[groovy-2.4.5.jar:2.4.5]
	at org.codehaus.groovy.runtime.callsite.AbstractCallSite.call(AbstractCallSite.java:113) ~[groovy-2.4.5.jar:2.4.5]
	at org.codehaus.groovy.runtime.callsite.AbstractCallSite.call(AbstractCallSite.java:125) ~[groovy-2.4.5.jar:2.4.5]
	at grails.plugin.formfields.FormFieldsTagLib.resolvePersistentProperties(FormFieldsTagLib.groovy:425) ~[fields-2.1.2.jar:na]
	at sun.reflect.NativeMethodAccessorImpl.invoke0(Native Method) ~[na:1.8.0_25]
	at sun.reflect.NativeMethodAccessorImpl.invoke(NativeMethodAccessorImpl.java:62) ~[na:1.8.0_25]
	at sun.reflect.DelegatingMethodAccessorImpl.invoke(DelegatingMethodAccessorImpl.java:43) ~[na:1.8.0_25]
	at java.lang.reflect.Method.invoke(Method.java:483) ~[na:1.8.0_25]
	at org.springsource.loaded.ri.ReflectiveInterceptor.jlrMethodInvoke(ReflectiveInterceptor.java:1426) ~[springloaded-1.2.5.RELEASE.jar:1.2.5.RELEASE]
	at org.codehaus.groovy.reflection.CachedMethod.invoke(CachedMethod.java:93) ~[groovy-2.4.5.jar:2.4.5]
	at groovy.lang.MetaMethod.doMethodInvoke(MetaMethod.java:325) ~[groovy-2.4.5.jar:2.4.5]
	at org.codehaus.groovy.runtime.metaclass.ClosureMetaClass.invokeMethod(ClosureMetaClass.java:384) ~[groovy-2.4.5.jar:2.4.5]
	at groovy.lang.MetaClassImpl.invokeMethod(MetaClassImpl.java:1019) ~[groovy-2.4.5.jar:2.4.5]
	at org.codehaus.groovy.runtime.callsite.PogoMetaClassSite.callCurrent(PogoMetaClassSite.java:69) ~[groovy-2.4.5.jar:2.4.5]
	at org.codehaus.groovy.runtime.callsite.CallSiteArray.defaultCallCurrent(CallSiteArray.java:52) ~[groovy-2.4.5.jar:2.4.5]
	at org.codehaus.groovy.runtime.callsite.AbstractCallSite.callCurrent(AbstractCallSite.java:154) ~[groovy-2.4.5.jar:2.4.5]
	at org.codehaus.groovy.runtime.callsite.AbstractCallSite.callCurrent(AbstractCallSite.java:174) ~[groovy-2.4.5.jar:2.4.5]
	at grails.plugin.formfields.FormFieldsTagLib$_closure2.doCall(FormFieldsTagLib.groovy:100) ~[fields-2.1.2.jar:na]
	at sun.reflect.NativeMethodAccessorImpl.invoke0(Native Method) ~[na:1.8.0_25]
	at sun.reflect.NativeMethodAccessorImpl.invoke(NativeMethodAccessorImpl.java:62) ~[na:1.8.0_25]
	at sun.reflect.DelegatingMethodAccessorImpl.invoke(DelegatingMethodAccessorImpl.java:43) ~[na:1.8.0_25]
	at java.lang.reflect.Method.invoke(Method.java:483) ~[na:1.8.0_25]
	at org.springsource.loaded.ri.ReflectiveInterceptor.jlrMethodInvoke(ReflectiveInterceptor.java:1426) ~[springloaded-1.2.5.RELEASE.jar:1.2.5.RELEASE]
	at org.codehaus.groovy.reflection.CachedMethod.invoke(CachedMethod.java:93) ~[groovy-2.4.5.jar:2.4.5]
	at groovy.lang.MetaMethod.doMethodInvoke(MetaMethod.java:325) ~[groovy-2.4.5.jar:2.4.5]
	at org.codehaus.groovy.runtime.metaclass.ClosureMetaClass.invokeMethod(ClosureMetaClass.java:294) ~[groovy-2.4.5.jar:2.4.5]
	at groovy.lang.MetaClassImpl.invokeMethod(MetaClassImpl.java:1019) ~[groovy-2.4.5.jar:2.4.5]
	at groovy.lang.Closure.call(Closure.java:426) ~[groovy-2.4.5.jar:2.4.5]
	at org.grails.gsp.GroovyPage.invokeTagLibClosure(GroovyPage.java:412) ~[grails-gsp-3.1.1.jar:3.1.1]
	at org.grails.gsp.GroovyPage.invokeTag(GroovyPage.java:337) ~[grails-gsp-3.1.1.jar:3.1.1]
	... 153 common frames omitted
ERROR StackTrace - Full Stack Trace:
org.grails.taglib.GrailsTagException: [views/tekEvent/create.gsp:30] Error executing tag <f:all>: No signature of method: com.tekdays.TekEvent.messages() is applicable for argument types: (java.util.LinkedHashMap) values: [[nullable:true]]
Possible solutions: merge(), getMessags(), merge(com.tekdays.TekEvent), merge(java.util.Map)
	at org.grails.gsp.GroovyPage.throwRootCause(GroovyPage.java:445) ~[grails-gsp-3.1.1.jar:3.1.1]
	at org.grails.gsp.GroovyPage.invokeTag(GroovyPage.java:388) ~[grails-gsp-3.1.1.jar:3.1.1]
	at sun.reflect.GeneratedMethodAccessor174.invoke(Unknown Source) ~[na:na]
	at sun.reflect.DelegatingMethodAccessorImpl.invoke(DelegatingMethodAccessorImpl.java:43) ~[na:1.8.0_25]
	at java.lang.reflect.Method.invoke(Method.java:483) ~[na:1.8.0_25]
	at org.springsource.loaded.ri.ReflectiveInterceptor.jlrMethodInvoke(ReflectiveInterceptor.java:1426) ~[springloaded-1.2.5.RELEASE.jar:1.2.5.RELEASE]
	at org.codehaus.groovy.reflection.CachedMethod.invoke(CachedMethod.java:93) ~[groovy-2.4.5.jar:2.4.5]
	at groovy.lang.MetaMethod.doMethodInvoke(MetaMethod.java:325) ~[groovy-2.4.5.jar:2.4.5]
	at org.codehaus.groovy.runtime.metaclass.ClosureMetaClass.invokeMethod(ClosureMetaClass.java:384) ~[groovy-2.4.5.jar:2.4.5]
	at groovy.lang.MetaClassImpl.invokeMethod(MetaClassImpl.java:1019) ~[groovy-2.4.5.jar:2.4.5]
	at org.codehaus.groovy.runtime.callsite.PogoMetaClassSite.callCurrent(PogoMetaClassSite.java:69) ~[groovy-2.4.5.jar:2.4.5]
	at org.codehaus.groovy.runtime.callsite.CallSiteArray.defaultCallCurrent(CallSiteArray.java:52) ~[groovy-2.4.5.jar:2.4.5]
	at org.codehaus.groovy.runtime.callsite.AbstractCallSite.callCurrent(AbstractCallSite.java:154) ~[groovy-2.4.5.jar:2.4.5]
	at Users_walu_groovy_TekDays_grails_app_views_tekEvent_create_gsp$_run_closure2$_closure24.doCall(Users_walu_groovy_TekDays_grails_app_views_tekEvent_create_gsp:74) ~[na:na]
	at sun.reflect.NativeMethodAccessorImpl.invoke0(Native Method) ~[na:1.8.0_25]
	at sun.reflect.NativeMethodAccessorImpl.invoke(NativeMethodAccessorImpl.java:62) ~[na:1.8.0_25]
	at sun.reflect.DelegatingMethodAccessorImpl.invoke(DelegatingMethodAccessorImpl.java:43) ~[na:1.8.0_25]
	at java.lang.reflect.Method.invoke(Method.java:483) ~[na:1.8.0_25]
	at org.springsource.loaded.ri.ReflectiveInterceptor.jlrMethodInvoke(ReflectiveInterceptor.java:1426) ~[springloaded-1.2.5.RELEASE.jar:1.2.5.RELEASE]
	at org.codehaus.groovy.reflection.CachedMethod.invoke(CachedMethod.java:93) ~[groovy-2.4.5.jar:2.4.5]
	at groovy.lang.MetaMethod.doMethodInvoke(MetaMethod.java:325) ~[groovy-2.4.5.jar:2.4.5]
	at org.codehaus.groovy.runtime.metaclass.ClosureMetaClass.invokeMethod(ClosureMetaClass.java:294) ~[groovy-2.4.5.jar:2.4.5]
	at groovy.lang.MetaClassImpl.invokeMethod(MetaClassImpl.java:1019) ~[groovy-2.4.5.jar:2.4.5]
	at groovy.lang.Closure.call(Closure.java:426) ~[groovy-2.4.5.jar:2.4.5]
	at groovy.lang.Closure.call(Closure.java:420) ~[groovy-2.4.5.jar:2.4.5]
	at org.grails.taglib.TagBodyClosure.executeClosure(TagBodyClosure.java:200) ~[grails-taglib-3.1.1.jar:3.1.1]
	at org.grails.taglib.TagBodyClosure.captureClosureOutput(TagBodyClosure.java:102) ~[grails-taglib-3.1.1.jar:3.1.1]
	at org.grails.taglib.TagBodyClosure.call(TagBodyClosure.java:213) ~[grails-taglib-3.1.1.jar:3.1.1]
	at java_util_concurrent_Callable$call.call(Unknown Source) ~[na:na]
	at org.codehaus.groovy.runtime.callsite.CallSiteArray.defaultCall(CallSiteArray.java:48) ~[groovy-2.4.5.jar:2.4.5]
	at org.codehaus.groovy.runtime.callsite.AbstractCallSite.call(AbstractCallSite.java:113) ~[groovy-2.4.5.jar:2.4.5]
	at org.codehaus.groovy.runtime.callsite.AbstractCallSite.call(AbstractCallSite.java:117) ~[groovy-2.4.5.jar:2.4.5]
	at org.grails.plugins.web.taglib.FormTagLib$_closure9.doCall(FormTagLib.groovy:443) ~[grails-plugin-gsp-3.1.1.jar:3.1.1]
	at sun.reflect.NativeMethodAccessorImpl.invoke0(Native Method) ~[na:1.8.0_25]
	at sun.reflect.NativeMethodAccessorImpl.invoke(NativeMethodAccessorImpl.java:62) ~[na:1.8.0_25]
	at sun.reflect.DelegatingMethodAccessorImpl.invoke(DelegatingMethodAccessorImpl.java:43) ~[na:1.8.0_25]
	at java.lang.reflect.Method.invoke(Method.java:483) ~[na:1.8.0_25]
	at org.springsource.loaded.ri.ReflectiveInterceptor.jlrMethodInvoke(ReflectiveInterceptor.java:1426) ~[springloaded-1.2.5.RELEASE.jar:1.2.5.RELEASE]
	at org.codehaus.groovy.reflection.CachedMethod.invoke(CachedMethod.java:93) ~[groovy-2.4.5.jar:2.4.5]
	at groovy.lang.MetaMethod.doMethodInvoke(MetaMethod.java:325) ~[groovy-2.4.5.jar:2.4.5]
	at org.codehaus.groovy.runtime.metaclass.ClosureMetaClass.invokeMethod(ClosureMetaClass.java:294) ~[groovy-2.4.5.jar:2.4.5]
	at groovy.lang.MetaClassImpl.invokeMethod(MetaClassImpl.java:1019) ~[groovy-2.4.5.jar:2.4.5]
	at groovy.lang.Closure.call(Closure.java:426) ~[groovy-2.4.5.jar:2.4.5]
	at org.grails.gsp.GroovyPage.invokeTagLibClosure(GroovyPage.java:419) ~[grails-gsp-3.1.1.jar:3.1.1]
	at org.grails.gsp.GroovyPage.invokeTag(GroovyPage.java:337) ~[grails-gsp-3.1.1.jar:3.1.1]
	at sun.reflect.GeneratedMethodAccessor174.invoke(Unknown Source) ~[na:na]
	at sun.reflect.DelegatingMethodAccessorImpl.invoke(DelegatingMethodAccessorImpl.java:43) ~[na:1.8.0_25]
	at java.lang.reflect.Method.invoke(Method.java:483) ~[na:1.8.0_25]
	at org.springsource.loaded.ri.ReflectiveInterceptor.jlrMethodInvoke(ReflectiveInterceptor.java:1426) ~[springloaded-1.2.5.RELEASE.jar:1.2.5.RELEASE]
	at org.codehaus.groovy.reflection.CachedMethod.invoke(CachedMethod.java:93) ~[groovy-2.4.5.jar:2.4.5]
	at groovy.lang.MetaMethod.doMethodInvoke(MetaMethod.java:325) ~[groovy-2.4.5.jar:2.4.5]
	at org.codehaus.groovy.runtime.metaclass.ClosureMetaClass.invokeMethod(ClosureMetaClass.java:384) ~[groovy-2.4.5.jar:2.4.5]
	at groovy.lang.MetaClassImpl.invokeMethod(MetaClassImpl.java:1019) ~[groovy-2.4.5.jar:2.4.5]
	at org.codehaus.groovy.runtime.callsite.PogoMetaClassSite.callCurrent(PogoMetaClassSite.java:69) ~[groovy-2.4.5.jar:2.4.5]
	at org.codehaus.groovy.runtime.callsite.CallSiteArray.defaultCallCurrent(CallSiteArray.java:52) ~[groovy-2.4.5.jar:2.4.5]
	at org.codehaus.groovy.runtime.callsite.AbstractCallSite.callCurrent(AbstractCallSite.java:154) ~[groovy-2.4.5.jar:2.4.5]
	at Users_walu_groovy_TekDays_grails_app_views_tekEvent_create_gsp$_run_closure2.doCall(Users_walu_groovy_TekDays_grails_app_views_tekEvent_create_gsp:79) ~[na:na]
	at sun.reflect.NativeMethodAccessorImpl.invoke0(Native Method) ~[na:1.8.0_25]
	at sun.reflect.NativeMethodAccessorImpl.invoke(NativeMethodAccessorImpl.java:62) ~[na:1.8.0_25]
	at sun.reflect.DelegatingMethodAccessorImpl.invoke(DelegatingMethodAccessorImpl.java:43) ~[na:1.8.0_25]
	at java.lang.reflect.Method.invoke(Method.java:483) ~[na:1.8.0_25]
	at org.springsource.loaded.ri.ReflectiveInterceptor.jlrMethodInvoke(ReflectiveInterceptor.java:1426) ~[springloaded-1.2.5.RELEASE.jar:1.2.5.RELEASE]
	at org.codehaus.groovy.reflection.CachedMethod.invoke(CachedMethod.java:93) ~[groovy-2.4.5.jar:2.4.5]
	at groovy.lang.MetaMethod.doMethodInvoke(MetaMethod.java:325) ~[groovy-2.4.5.jar:2.4.5]
	at org.codehaus.groovy.runtime.metaclass.ClosureMetaClass.invokeMethod(ClosureMetaClass.java:294) ~[groovy-2.4.5.jar:2.4.5]
	at groovy.lang.MetaClassImpl.invokeMethod(MetaClassImpl.java:1019) ~[groovy-2.4.5.jar:2.4.5]
	at groovy.lang.Closure.call(Closure.java:426) ~[groovy-2.4.5.jar:2.4.5]
	at groovy.lang.Closure.call(Closure.java:420) ~[groovy-2.4.5.jar:2.4.5]
	at org.grails.taglib.TagBodyClosure.executeClosure(TagBodyClosure.java:200) ~[grails-taglib-3.1.1.jar:3.1.1]
	at org.grails.taglib.TagBodyClosure.captureClosureOutput(TagBodyClosure.java:102) ~[grails-taglib-3.1.1.jar:3.1.1]
	at org.grails.taglib.TagBodyClosure.call(TagBodyClosure.java:213) ~[grails-taglib-3.1.1.jar:3.1.1]
	at org.grails.plugins.web.taglib.SitemeshTagLib.captureTagContent(SitemeshTagLib.groovy:48) ~[grails-web-gsp-taglib-3.1.1.jar:3.1.1]
	at org.grails.plugins.web.taglib.SitemeshTagLib.captureTagContent(SitemeshTagLib.groovy) ~[grails-web-gsp-taglib-3.1.1.jar:3.1.1]
	at org.grails.plugins.web.taglib.SitemeshTagLib$_closure3.doCall(SitemeshTagLib.groovy:156) ~[grails-web-gsp-taglib-3.1.1.jar:3.1.1]
	at sun.reflect.NativeMethodAccessorImpl.invoke0(Native Method) ~[na:1.8.0_25]
	at sun.reflect.NativeMethodAccessorImpl.invoke(NativeMethodAccessorImpl.java:62) ~[na:1.8.0_25]
	at sun.reflect.DelegatingMethodAccessorImpl.invoke(DelegatingMethodAccessorImpl.java:43) ~[na:1.8.0_25]
	at java.lang.reflect.Method.invoke(Method.java:483) ~[na:1.8.0_25]
	at org.springsource.loaded.ri.ReflectiveInterceptor.jlrMethodInvoke(ReflectiveInterceptor.java:1426) ~[springloaded-1.2.5.RELEASE.jar:1.2.5.RELEASE]
	at org.codehaus.groovy.reflection.CachedMethod.invoke(CachedMethod.java:93) ~[groovy-2.4.5.jar:2.4.5]
	at groovy.lang.MetaMethod.doMethodInvoke(MetaMethod.java:325) ~[groovy-2.4.5.jar:2.4.5]
	at org.codehaus.groovy.runtime.metaclass.ClosureMetaClass.invokeMethod(ClosureMetaClass.java:294) ~[groovy-2.4.5.jar:2.4.5]
	at groovy.lang.MetaClassImpl.invokeMethod(MetaClassImpl.java:1019) ~[groovy-2.4.5.jar:2.4.5]
	at groovy.lang.Closure.call(Closure.java:426) ~[groovy-2.4.5.jar:2.4.5]
	at org.grails.gsp.GroovyPage.invokeTagLibClosure(GroovyPage.java:419) ~[grails-gsp-3.1.1.jar:3.1.1]
	at org.grails.gsp.GroovyPage.invokeTag(GroovyPage.java:337) ~[grails-gsp-3.1.1.jar:3.1.1]
	at org.grails.gsp.GroovyPage$invokeTag$4.callCurrent(Unknown Source) ~[na:na]
	at org.codehaus.groovy.runtime.callsite.CallSiteArray.defaultCallCurrent(CallSiteArray.java:52) ~[groovy-2.4.5.jar:2.4.5]
	at org.codehaus.groovy.runtime.callsite.AbstractCallSite.callCurrent(AbstractCallSite.java:154) ~[groovy-2.4.5.jar:2.4.5]
	at Users_walu_groovy_TekDays_grails_app_views_tekEvent_create_gsp.run(Users_walu_groovy_TekDays_grails_app_views_tekEvent_create_gsp:82) ~[na:na]
	at org.grails.gsp.GroovyPageWritable.doWriteTo(GroovyPageWritable.java:164) ~[grails-gsp-3.1.1.jar:3.1.1]
	at org.grails.gsp.GroovyPageWritable.writeTo(GroovyPageWritable.java:82) ~[grails-gsp-3.1.1.jar:3.1.1]
	at org.grails.web.servlet.view.GroovyPageView.renderTemplate(GroovyPageView.java:76) ~[grails-web-gsp-3.1.1.jar:3.1.1]
	at org.grails.web.servlet.view.AbstractGrailsView.renderWithinGrailsWebRequest(AbstractGrailsView.java:71) [grails-web-common-3.1.1.jar:3.1.1]
	at org.grails.web.servlet.view.AbstractGrailsView.renderMergedOutputModel(AbstractGrailsView.java:55) [grails-web-common-3.1.1.jar:3.1.1]
	at org.springframework.web.servlet.view.AbstractView.render(AbstractView.java:303) [spring-webmvc-4.2.4.RELEASE.jar:4.2.4.RELEASE]
	at org.grails.web.sitemesh.GrailsLayoutView.renderInnerView(GrailsLayoutView.java:125) [grails-web-sitemesh-3.1.1.jar:3.1.1]
	at org.grails.web.sitemesh.GrailsLayoutView.obtainContent(GrailsLayoutView.java:106) [grails-web-sitemesh-3.1.1.jar:3.1.1]
	at org.grails.web.sitemesh.GrailsLayoutView.renderTemplate(GrailsLayoutView.java:55) [grails-web-sitemesh-3.1.1.jar:3.1.1]
	at org.grails.web.servlet.view.AbstractGrailsView.renderWithinGrailsWebRequest(AbstractGrailsView.java:71) [grails-web-common-3.1.1.jar:3.1.1]
	at org.grails.web.servlet.view.AbstractGrailsView.renderMergedOutputModel(AbstractGrailsView.java:55) [grails-web-common-3.1.1.jar:3.1.1]
	at org.springframework.web.servlet.view.AbstractView.render(AbstractView.java:303) [spring-webmvc-4.2.4.RELEASE.jar:4.2.4.RELEASE]
	at org.springframework.web.servlet.DispatcherServlet.render(DispatcherServlet.java:1243) [spring-webmvc-4.2.4.RELEASE.jar:4.2.4.RELEASE]
	at org.springframework.web.servlet.DispatcherServlet.processDispatchResult(DispatcherServlet.java:1027) [spring-webmvc-4.2.4.RELEASE.jar:4.2.4.RELEASE]
	at org.springframework.web.servlet.DispatcherServlet.doDispatch(DispatcherServlet.java:971) [spring-webmvc-4.2.4.RELEASE.jar:4.2.4.RELEASE]
	at org.springframework.web.servlet.DispatcherServlet.doService(DispatcherServlet.java:893) [spring-webmvc-4.2.4.RELEASE.jar:4.2.4.RELEASE]
	at org.springframework.web.servlet.FrameworkServlet.processRequest(FrameworkServlet.java:969) [spring-webmvc-4.2.4.RELEASE.jar:4.2.4.RELEASE]
	at org.springframework.web.servlet.FrameworkServlet.doGet(FrameworkServlet.java:860) [spring-webmvc-4.2.4.RELEASE.jar:4.2.4.RELEASE]
	at javax.servlet.http.HttpServlet.service(HttpServlet.java:622) [tomcat-embed-core-8.0.30.jar:8.0.30]
	at org.springframework.web.servlet.FrameworkServlet.service(FrameworkServlet.java:845) [spring-webmvc-4.2.4.RELEASE.jar:4.2.4.RELEASE]
	at javax.servlet.http.HttpServlet.service(HttpServlet.java:729) [tomcat-embed-core-8.0.30.jar:8.0.30]
	at org.apache.catalina.core.ApplicationFilterChain.internalDoFilter(ApplicationFilterChain.java:291) [tomcat-embed-core-8.0.30.jar:8.0.30]
	at org.apache.catalina.core.ApplicationFilterChain.doFilter(ApplicationFilterChain.java:206) [tomcat-embed-core-8.0.30.jar:8.0.30]
	at org.apache.tomcat.websocket.server.WsFilter.doFilter(WsFilter.java:52) [tomcat-embed-websocket-8.0.30.jar:8.0.30]
	at org.apache.catalina.core.ApplicationFilterChain.internalDoFilter(ApplicationFilterChain.java:239) [tomcat-embed-core-8.0.30.jar:8.0.30]
	at org.apache.catalina.core.ApplicationFilterChain.doFilter(ApplicationFilterChain.java:206) [tomcat-embed-core-8.0.30.jar:8.0.30]
	at org.springframework.boot.actuate.autoconfigure.EndpointWebMvcAutoConfiguration$ApplicationContextHeaderFilter.doFilterInternal(EndpointWebMvcAutoConfiguration.java:237) [spring-boot-actuator-1.3.2.RELEASE.jar:1.3.2.RELEASE]
	at org.springframework.web.filter.OncePerRequestFilter.doFilter(OncePerRequestFilter.java:107) [spring-web-4.2.4.RELEASE.jar:4.2.4.RELEASE]
	at org.apache.catalina.core.ApplicationFilterChain.internalDoFilter(ApplicationFilterChain.java:239) [tomcat-embed-core-8.0.30.jar:8.0.30]
	at org.apache.catalina.core.ApplicationFilterChain.doFilter(ApplicationFilterChain.java:206) [tomcat-embed-core-8.0.30.jar:8.0.30]
	at org.springframework.boot.actuate.trace.WebRequestTraceFilter.doFilterInternal(WebRequestTraceFilter.java:111) [spring-boot-actuator-1.3.2.RELEASE.jar:1.3.2.RELEASE]
	at org.springframework.web.filter.OncePerRequestFilter.doFilter(OncePerRequestFilter.java:107) [spring-web-4.2.4.RELEASE.jar:4.2.4.RELEASE]
	at org.apache.catalina.core.ApplicationFilterChain.internalDoFilter(ApplicationFilterChain.java:239) [tomcat-embed-core-8.0.30.jar:8.0.30]
	at org.apache.catalina.core.ApplicationFilterChain.doFilter(ApplicationFilterChain.java:206) [tomcat-embed-core-8.0.30.jar:8.0.30]
	at org.grails.web.servlet.mvc.GrailsWebRequestFilter.doFilterInternal(GrailsWebRequestFilter.java:73) [grails-web-mvc-3.1.1.jar:3.1.1]
	at org.springframework.web.filter.OncePerRequestFilter.doFilter(OncePerRequestFilter.java:107) [spring-web-4.2.4.RELEASE.jar:4.2.4.RELEASE]
	at org.apache.catalina.core.ApplicationFilterChain.internalDoFilter(ApplicationFilterChain.java:239) [tomcat-embed-core-8.0.30.jar:8.0.30]
	at org.apache.catalina.core.ApplicationFilterChain.doFilter(ApplicationFilterChain.java:206) [tomcat-embed-core-8.0.30.jar:8.0.30]
	at org.grails.web.filters.HiddenHttpMethodFilter.doFilterInternal(HiddenHttpMethodFilter.java:67) [grails-web-mvc-3.1.1.jar:3.1.1]
	at org.springframework.web.filter.OncePerRequestFilter.doFilter(OncePerRequestFilter.java:107) [spring-web-4.2.4.RELEASE.jar:4.2.4.RELEASE]
	at org.apache.catalina.core.ApplicationFilterChain.internalDoFilter(ApplicationFilterChain.java:239) [tomcat-embed-core-8.0.30.jar:8.0.30]
	at org.apache.catalina.core.ApplicationFilterChain.doFilter(ApplicationFilterChain.java:206) [tomcat-embed-core-8.0.30.jar:8.0.30]
	at org.springframework.web.filter.CharacterEncodingFilter.doFilterInternal(CharacterEncodingFilter.java:121) [spring-web-4.2.4.RELEASE.jar:4.2.4.RELEASE]
	at org.springframework.web.filter.OncePerRequestFilter.doFilter(OncePerRequestFilter.java:107) [spring-web-4.2.4.RELEASE.jar:4.2.4.RELEASE]
	at org.apache.catalina.core.ApplicationFilterChain.internalDoFilter(ApplicationFilterChain.java:239) [tomcat-embed-core-8.0.30.jar:8.0.30]
	at org.apache.catalina.core.ApplicationFilterChain.doFilter(ApplicationFilterChain.java:206) [tomcat-embed-core-8.0.30.jar:8.0.30]
	at org.springframework.boot.actuate.autoconfigure.MetricsFilter.doFilterInternal(MetricsFilter.java:103) [spring-boot-actuator-1.3.2.RELEASE.jar:1.3.2.RELEASE]
	at org.springframework.web.filter.OncePerRequestFilter.doFilter(OncePerRequestFilter.java:107) [spring-web-4.2.4.RELEASE.jar:4.2.4.RELEASE]
	at org.apache.catalina.core.ApplicationFilterChain.internalDoFilter(ApplicationFilterChain.java:239) [tomcat-embed-core-8.0.30.jar:8.0.30]
	at org.apache.catalina.core.ApplicationFilterChain.doFilter(ApplicationFilterChain.java:206) [tomcat-embed-core-8.0.30.jar:8.0.30]
	at org.apache.catalina.core.StandardWrapperValve.invoke(StandardWrapperValve.java:212) [tomcat-embed-core-8.0.30.jar:8.0.30]
	at org.apache.catalina.core.StandardContextValve.invoke(StandardContextValve.java:106) [tomcat-embed-core-8.0.30.jar:8.0.30]
	at org.apache.catalina.authenticator.AuthenticatorBase.invoke(AuthenticatorBase.java:502) [tomcat-embed-core-8.0.30.jar:8.0.30]
	at org.apache.catalina.core.StandardHostValve.invoke(StandardHostValve.java:141) [tomcat-embed-core-8.0.30.jar:8.0.30]
	at org.apache.catalina.valves.ErrorReportValve.invoke(ErrorReportValve.java:79) [tomcat-embed-core-8.0.30.jar:8.0.30]
	at org.apache.catalina.core.StandardEngineValve.invoke(StandardEngineValve.java:88) [tomcat-embed-core-8.0.30.jar:8.0.30]
	at org.apache.catalina.connector.CoyoteAdapter.service(CoyoteAdapter.java:521) [tomcat-embed-core-8.0.30.jar:8.0.30]
	at org.apache.coyote.http11.AbstractHttp11Processor.process(AbstractHttp11Processor.java:1096) [tomcat-embed-core-8.0.30.jar:8.0.30]
	at org.apache.coyote.AbstractProtocol$AbstractConnectionHandler.process(AbstractProtocol.java:674) [tomcat-embed-core-8.0.30.jar:8.0.30]
	at org.apache.tomcat.util.net.NioEndpoint$SocketProcessor.doRun(NioEndpoint.java:1500) [tomcat-embed-core-8.0.30.jar:8.0.30]
	at org.apache.tomcat.util.net.NioEndpoint$SocketProcessor.run(NioEndpoint.java:1456) [tomcat-embed-core-8.0.30.jar:8.0.30]
	at java.util.concurrent.ThreadPoolExecutor.runWorker(ThreadPoolExecutor.java:1142) [na:1.8.0_25]
	at java.util.concurrent.ThreadPoolExecutor$Worker.run(ThreadPoolExecutor.java:617) [na:1.8.0_25]
	at org.apache.tomcat.util.threads.TaskThread$WrappingRunnable.run(TaskThread.java:61) [tomcat-embed-core-8.0.30.jar:8.0.30]
	at java.lang.Thread.run(Thread.java:745) [na:1.8.0_25]
Caused by: groovy.lang.MissingMethodException: No signature of method: com.tekdays.TekEvent.messages() is applicable for argument types: (java.util.LinkedHashMap) values: [[nullable:true]]
Possible solutions: merge(), getMessags(), merge(com.tekdays.TekEvent), merge(java.util.Map)
	at org.codehaus.groovy.runtime.ScriptBytecodeAdapter.unwrap(ScriptBytecodeAdapter.java:58) ~[groovy-2.4.5.jar:2.4.5]
	at org.codehaus.groovy.runtime.callsite.PogoMetaClassSite.callCurrent(PogoMetaClassSite.java:81) ~[groovy-2.4.5.jar:2.4.5]
	at org.codehaus.groovy.runtime.callsite.AbstractCallSite.callCurrent(AbstractCallSite.java:166) ~[groovy-2.4.5.jar:2.4.5]
	at com.tekdays.TekEvent$__clinit__closure1.doCall(TekEvent.groovy:35) ~[main/:na]
	at com.tekdays.TekEvent$__clinit__closure1.doCall(TekEvent.groovy) ~[main/:na]
	at sun.reflect.NativeMethodAccessorImpl.invoke0(Native Method) ~[na:1.8.0_25]
	at sun.reflect.NativeMethodAccessorImpl.invoke(NativeMethodAccessorImpl.java:62) ~[na:1.8.0_25]
	at sun.reflect.DelegatingMethodAccessorImpl.invoke(DelegatingMethodAccessorImpl.java:43) ~[na:1.8.0_25]
	at java.lang.reflect.Method.invoke(Method.java:483) ~[na:1.8.0_25]
	at org.springsource.loaded.ri.ReflectiveInterceptor.jlrMethodInvoke(ReflectiveInterceptor.java:1426) ~[springloaded-1.2.5.RELEASE.jar:1.2.5.RELEASE]
	at org.codehaus.groovy.reflection.CachedMethod.invoke(CachedMethod.java:93) ~[groovy-2.4.5.jar:2.4.5]
	at groovy.lang.MetaMethod.doMethodInvoke(MetaMethod.java:325) ~[groovy-2.4.5.jar:2.4.5]
	at org.codehaus.groovy.runtime.metaclass.ClosureMetaClass.invokeMethod(ClosureMetaClass.java:294) ~[groovy-2.4.5.jar:2.4.5]
	at groovy.lang.MetaClassImpl.invokeMethod(MetaClassImpl.java:1019) ~[groovy-2.4.5.jar:2.4.5]
	at groovy.lang.Closure.call(Closure.java:426) ~[groovy-2.4.5.jar:2.4.5]
	at com.tekdays.TekEvent$__clinit__closure1.call(TekEvent.groovy) ~[main/:na]
	at groovy.lang.Closure.call(Closure.java:420) ~[groovy-2.4.5.jar:2.4.5]
	at com.tekdays.TekEvent$__clinit__closure1.call(TekEvent.groovy) ~[main/:na]
	at org.grails.validation.DefaultConstraintEvaluator.evaluateConstraints(DefaultConstraintEvaluator.java:125) ~[grails-validation-3.1.1.jar:3.1.1]
	at org.grails.validation.DefaultConstraintEvaluator.evaluateConstraints(DefaultConstraintEvaluator.java:92) ~[grails-validation-3.1.1.jar:3.1.1]
	at org.grails.validation.DefaultConstraintEvaluator.evaluate(DefaultConstraintEvaluator.java:318) ~[grails-validation-3.1.1.jar:3.1.1]
	at org.grails.core.DefaultGrailsDomainClass.initializeConstraints(DefaultGrailsDomainClass.java:763) ~[grails-core-3.1.1.jar:3.1.1]
	at org.grails.core.DefaultGrailsDomainClass.getConstrainedProperties(DefaultGrailsDomainClass.java:754) ~[grails-core-3.1.1.jar:3.1.1]
	at sun.reflect.NativeMethodAccessorImpl.invoke0(Native Method) ~[na:1.8.0_25]
	at sun.reflect.NativeMethodAccessorImpl.invoke(NativeMethodAccessorImpl.java:62) ~[na:1.8.0_25]
	at sun.reflect.DelegatingMethodAccessorImpl.invoke(DelegatingMethodAccessorImpl.java:43) ~[na:1.8.0_25]
	at java.lang.reflect.Method.invoke(Method.java:483) ~[na:1.8.0_25]
	at org.springsource.loaded.ri.ReflectiveInterceptor.jlrMethodInvoke(ReflectiveInterceptor.java:1426) ~[springloaded-1.2.5.RELEASE.jar:1.2.5.RELEASE]
	at org.codehaus.groovy.reflection.CachedMethod.invoke(CachedMethod.java:93) ~[groovy-2.4.5.jar:2.4.5]
	at groovy.lang.MetaMethod.doMethodInvoke(MetaMethod.java:325) ~[groovy-2.4.5.jar:2.4.5]
	at org.codehaus.groovy.runtime.metaclass.MethodMetaProperty$GetBeanMethodMetaProperty.getProperty(MethodMetaProperty.java:76) ~[groovy-2.4.5.jar:2.4.5]
	at org.codehaus.groovy.runtime.callsite.GetEffectivePojoPropertySite.getProperty(GetEffectivePojoPropertySite.java:64) ~[groovy-2.4.5.jar:2.4.5]
	at org.codehaus.groovy.runtime.callsite.AbstractCallSite.callGetProperty(AbstractCallSite.java:296) ~[groovy-2.4.5.jar:2.4.5]
	at grails.plugin.formfields.FormFieldsTagLib$_resolvePersistentProperties_closure13.doCall(FormFieldsTagLib.groovy:425) ~[fields-2.1.2.jar:na]
	at sun.reflect.NativeMethodAccessorImpl.invoke0(Native Method) ~[na:1.8.0_25]
	at sun.reflect.NativeMethodAccessorImpl.invoke(NativeMethodAccessorImpl.java:62) ~[na:1.8.0_25]
	at sun.reflect.DelegatingMethodAccessorImpl.invoke(DelegatingMethodAccessorImpl.java:43) ~[na:1.8.0_25]
	at java.lang.reflect.Method.invoke(Method.java:483) ~[na:1.8.0_25]
	at org.springsource.loaded.ri.ReflectiveInterceptor.jlrMethodInvoke(ReflectiveInterceptor.java:1426) ~[springloaded-1.2.5.RELEASE.jar:1.2.5.RELEASE]
	at org.codehaus.groovy.reflection.CachedMethod.invoke(CachedMethod.java:93) ~[groovy-2.4.5.jar:2.4.5]
	at groovy.lang.MetaMethod.doMethodInvoke(MetaMethod.java:325) ~[groovy-2.4.5.jar:2.4.5]
	at org.codehaus.groovy.runtime.metaclass.ClosureMetaClass.invokeMethod(ClosureMetaClass.java:294) ~[groovy-2.4.5.jar:2.4.5]
	at groovy.lang.MetaClassImpl.invokeMethod(MetaClassImpl.java:1019) ~[groovy-2.4.5.jar:2.4.5]
	at org.codehaus.groovy.runtime.callsite.PogoMetaClassSite.call(PogoMetaClassSite.java:42) ~[groovy-2.4.5.jar:2.4.5]
	at org.codehaus.groovy.runtime.callsite.CallSiteArray.defaultCall(CallSiteArray.java:48) ~[groovy-2.4.5.jar:2.4.5]
	at org.codehaus.groovy.runtime.callsite.AbstractCallSite.call(AbstractCallSite.java:113) ~[groovy-2.4.5.jar:2.4.5]
	at org.codehaus.groovy.runtime.callsite.BooleanReturningMethodInvoker.invoke(BooleanReturningMethodInvoker.java:51) ~[groovy-2.4.5.jar:2.4.5]
	at org.codehaus.groovy.runtime.callsite.BooleanClosureWrapper.call(BooleanClosureWrapper.java:53) ~[groovy-2.4.5.jar:2.4.5]
	at org.codehaus.groovy.runtime.DefaultGroovyMethods.removeAll(DefaultGroovyMethods.java:4417) ~[groovy-2.4.5.jar:2.4.5]
	at org.codehaus.groovy.runtime.dgm$519.invoke(Unknown Source) ~[groovy-2.4.5.jar:2.4.5]
	at org.codehaus.groovy.runtime.callsite.PojoMetaMethodSite$PojoMetaMethodSiteNoUnwrapNoCoerce.invoke(PojoMetaMethodSite.java:274) ~[groovy-2.4.5.jar:2.4.5]
	at org.codehaus.groovy.runtime.callsite.PojoMetaMethodSite.call(PojoMetaMethodSite.java:56) ~[groovy-2.4.5.jar:2.4.5]
	at org.codehaus.groovy.runtime.callsite.CallSiteArray.defaultCall(CallSiteArray.java:48) ~[groovy-2.4.5.jar:2.4.5]
	at org.codehaus.groovy.runtime.callsite.AbstractCallSite.call(AbstractCallSite.java:113) ~[groovy-2.4.5.jar:2.4.5]
	at org.codehaus.groovy.runtime.callsite.AbstractCallSite.call(AbstractCallSite.java:125) ~[groovy-2.4.5.jar:2.4.5]
	at grails.plugin.formfields.FormFieldsTagLib.resolvePersistentProperties(FormFieldsTagLib.groovy:425) ~[fields-2.1.2.jar:na]
	at sun.reflect.NativeMethodAccessorImpl.invoke0(Native Method) ~[na:1.8.0_25]
	at sun.reflect.NativeMethodAccessorImpl.invoke(NativeMethodAccessorImpl.java:62) ~[na:1.8.0_25]
	at sun.reflect.DelegatingMethodAccessorImpl.invoke(DelegatingMethodAccessorImpl.java:43) ~[na:1.8.0_25]
	at java.lang.reflect.Method.invoke(Method.java:483) ~[na:1.8.0_25]
	at org.springsource.loaded.ri.ReflectiveInterceptor.jlrMethodInvoke(ReflectiveInterceptor.java:1426) ~[springloaded-1.2.5.RELEASE.jar:1.2.5.RELEASE]
	at org.codehaus.groovy.reflection.CachedMethod.invoke(CachedMethod.java:93) ~[groovy-2.4.5.jar:2.4.5]
	at groovy.lang.MetaMethod.doMethodInvoke(MetaMethod.java:325) ~[groovy-2.4.5.jar:2.4.5]
	at org.codehaus.groovy.runtime.metaclass.ClosureMetaClass.invokeMethod(ClosureMetaClass.java:384) ~[groovy-2.4.5.jar:2.4.5]
	at groovy.lang.MetaClassImpl.invokeMethod(MetaClassImpl.java:1019) ~[groovy-2.4.5.jar:2.4.5]
	at org.codehaus.groovy.runtime.callsite.PogoMetaClassSite.callCurrent(PogoMetaClassSite.java:69) ~[groovy-2.4.5.jar:2.4.5]
	at org.codehaus.groovy.runtime.callsite.CallSiteArray.defaultCallCurrent(CallSiteArray.java:52) ~[groovy-2.4.5.jar:2.4.5]
	at org.codehaus.groovy.runtime.callsite.AbstractCallSite.callCurrent(AbstractCallSite.java:154) ~[groovy-2.4.5.jar:2.4.5]
	at org.codehaus.groovy.runtime.callsite.AbstractCallSite.callCurrent(AbstractCallSite.java:174) ~[groovy-2.4.5.jar:2.4.5]
	at grails.plugin.formfields.FormFieldsTagLib$_closure2.doCall(FormFieldsTagLib.groovy:100) ~[fields-2.1.2.jar:na]
	at sun.reflect.NativeMethodAccessorImpl.invoke0(Native Method) ~[na:1.8.0_25]
	at sun.reflect.NativeMethodAccessorImpl.invoke(NativeMethodAccessorImpl.java:62) ~[na:1.8.0_25]
	at sun.reflect.DelegatingMethodAccessorImpl.invoke(DelegatingMethodAccessorImpl.java:43) ~[na:1.8.0_25]
	at java.lang.reflect.Method.invoke(Method.java:483) ~[na:1.8.0_25]
	at org.springsource.loaded.ri.ReflectiveInterceptor.jlrMethodInvoke(ReflectiveInterceptor.java:1426) ~[springloaded-1.2.5.RELEASE.jar:1.2.5.RELEASE]
	at org.codehaus.groovy.reflection.CachedMethod.invoke(CachedMethod.java:93) ~[groovy-2.4.5.jar:2.4.5]
	at groovy.lang.MetaMethod.doMethodInvoke(MetaMethod.java:325) ~[groovy-2.4.5.jar:2.4.5]
	at org.codehaus.groovy.runtime.metaclass.ClosureMetaClass.invokeMethod(ClosureMetaClass.java:294) ~[groovy-2.4.5.jar:2.4.5]
	at groovy.lang.MetaClassImpl.invokeMethod(MetaClassImpl.java:1019) ~[groovy-2.4.5.jar:2.4.5]
	at groovy.lang.Closure.call(Closure.java:426) ~[groovy-2.4.5.jar:2.4.5]
	at org.grails.gsp.GroovyPage.invokeTagLibClosure(GroovyPage.java:412) ~[grails-gsp-3.1.1.jar:3.1.1]
	at org.grails.gsp.GroovyPage.invokeTag(GroovyPage.java:337) ~[grails-gsp-3.1.1.jar:3.1.1]
	... 153 common frames omitted
ERROR StackTrace - Full Stack Trace:
groovy.lang.MissingMethodException: No signature of method: com.tekdays.TekEvent.messages() is applicable for argument types: (java.util.LinkedHashMap) values: [[nullable:true]]
Possible solutions: merge(), getMessags(), merge(com.tekdays.TekEvent), merge(java.util.Map)
	at org.codehaus.groovy.runtime.ScriptBytecodeAdapter.unwrap(ScriptBytecodeAdapter.java:58) ~[groovy-2.4.5.jar:2.4.5]
	at org.codehaus.groovy.runtime.callsite.PogoMetaClassSite.callCurrent(PogoMetaClassSite.java:81) ~[groovy-2.4.5.jar:2.4.5]
	at org.codehaus.groovy.runtime.callsite.AbstractCallSite.callCurrent(AbstractCallSite.java:166) ~[groovy-2.4.5.jar:2.4.5]
	at com.tekdays.TekEvent$__clinit__closure1.doCall(TekEvent.groovy:35) ~[main/:na]
	at com.tekdays.TekEvent$__clinit__closure1.doCall(TekEvent.groovy) ~[main/:na]
	at sun.reflect.NativeMethodAccessorImpl.invoke0(Native Method) ~[na:1.8.0_25]
	at sun.reflect.NativeMethodAccessorImpl.invoke(NativeMethodAccessorImpl.java:62) ~[na:1.8.0_25]
	at sun.reflect.DelegatingMethodAccessorImpl.invoke(DelegatingMethodAccessorImpl.java:43) ~[na:1.8.0_25]
	at java.lang.reflect.Method.invoke(Method.java:483) ~[na:1.8.0_25]
	at org.springsource.loaded.ri.ReflectiveInterceptor.jlrMethodInvoke(ReflectiveInterceptor.java:1426) ~[springloaded-1.2.5.RELEASE.jar:1.2.5.RELEASE]
	at org.codehaus.groovy.reflection.CachedMethod.invoke(CachedMethod.java:93) ~[groovy-2.4.5.jar:2.4.5]
	at groovy.lang.MetaMethod.doMethodInvoke(MetaMethod.java:325) ~[groovy-2.4.5.jar:2.4.5]
	at org.codehaus.groovy.runtime.metaclass.ClosureMetaClass.invokeMethod(ClosureMetaClass.java:294) ~[groovy-2.4.5.jar:2.4.5]
	at groovy.lang.MetaClassImpl.invokeMethod(MetaClassImpl.java:1019) ~[groovy-2.4.5.jar:2.4.5]
	at groovy.lang.Closure.call(Closure.java:426) ~[groovy-2.4.5.jar:2.4.5]
	at com.tekdays.TekEvent$__clinit__closure1.call(TekEvent.groovy) ~[main/:na]
	at groovy.lang.Closure.call(Closure.java:420) ~[groovy-2.4.5.jar:2.4.5]
	at com.tekdays.TekEvent$__clinit__closure1.call(TekEvent.groovy) ~[main/:na]
	at org.grails.validation.DefaultConstraintEvaluator.evaluateConstraints(DefaultConstraintEvaluator.java:125) ~[grails-validation-3.1.1.jar:3.1.1]
	at org.grails.validation.DefaultConstraintEvaluator.evaluateConstraints(DefaultConstraintEvaluator.java:92) ~[grails-validation-3.1.1.jar:3.1.1]
	at org.grails.validation.DefaultConstraintEvaluator.evaluate(DefaultConstraintEvaluator.java:318) ~[grails-validation-3.1.1.jar:3.1.1]
	at org.grails.core.DefaultGrailsDomainClass.initializeConstraints(DefaultGrailsDomainClass.java:763) ~[grails-core-3.1.1.jar:3.1.1]
	at org.grails.core.DefaultGrailsDomainClass.getConstrainedProperties(DefaultGrailsDomainClass.java:754) ~[grails-core-3.1.1.jar:3.1.1]
	at sun.reflect.NativeMethodAccessorImpl.invoke0(Native Method) ~[na:1.8.0_25]
	at sun.reflect.NativeMethodAccessorImpl.invoke(NativeMethodAccessorImpl.java:62) ~[na:1.8.0_25]
	at sun.reflect.DelegatingMethodAccessorImpl.invoke(DelegatingMethodAccessorImpl.java:43) ~[na:1.8.0_25]
	at java.lang.reflect.Method.invoke(Method.java:483) ~[na:1.8.0_25]
	at org.springsource.loaded.ri.ReflectiveInterceptor.jlrMethodInvoke(ReflectiveInterceptor.java:1426) ~[springloaded-1.2.5.RELEASE.jar:1.2.5.RELEASE]
	at org.codehaus.groovy.reflection.CachedMethod.invoke(CachedMethod.java:93) ~[groovy-2.4.5.jar:2.4.5]
	at groovy.lang.MetaMethod.doMethodInvoke(MetaMethod.java:325) ~[groovy-2.4.5.jar:2.4.5]
	at org.codehaus.groovy.runtime.metaclass.MethodMetaProperty$GetBeanMethodMetaProperty.getProperty(MethodMetaProperty.java:76) ~[groovy-2.4.5.jar:2.4.5]
	at org.codehaus.groovy.runtime.callsite.GetEffectivePojoPropertySite.getProperty(GetEffectivePojoPropertySite.java:64) ~[groovy-2.4.5.jar:2.4.5]
	at org.codehaus.groovy.runtime.callsite.AbstractCallSite.callGetProperty(AbstractCallSite.java:296) ~[groovy-2.4.5.jar:2.4.5]
	at grails.plugin.formfields.FormFieldsTagLib$_resolvePersistentProperties_closure13.doCall(FormFieldsTagLib.groovy:425) ~[fields-2.1.2.jar:na]
	at sun.reflect.NativeMethodAccessorImpl.invoke0(Native Method) ~[na:1.8.0_25]
	at sun.reflect.NativeMethodAccessorImpl.invoke(NativeMethodAccessorImpl.java:62) ~[na:1.8.0_25]
	at sun.reflect.DelegatingMethodAccessorImpl.invoke(DelegatingMethodAccessorImpl.java:43) ~[na:1.8.0_25]
	at java.lang.reflect.Method.invoke(Method.java:483) ~[na:1.8.0_25]
	at org.springsource.loaded.ri.ReflectiveInterceptor.jlrMethodInvoke(ReflectiveInterceptor.java:1426) ~[springloaded-1.2.5.RELEASE.jar:1.2.5.RELEASE]
	at org.codehaus.groovy.reflection.CachedMethod.invoke(CachedMethod.java:93) ~[groovy-2.4.5.jar:2.4.5]
	at groovy.lang.MetaMethod.doMethodInvoke(MetaMethod.java:325) ~[groovy-2.4.5.jar:2.4.5]
	at org.codehaus.groovy.runtime.metaclass.ClosureMetaClass.invokeMethod(ClosureMetaClass.java:294) ~[groovy-2.4.5.jar:2.4.5]
	at groovy.lang.MetaClassImpl.invokeMethod(MetaClassImpl.java:1019) ~[groovy-2.4.5.jar:2.4.5]
	at org.codehaus.groovy.runtime.callsite.PogoMetaClassSite.call(PogoMetaClassSite.java:42) ~[groovy-2.4.5.jar:2.4.5]
	at org.codehaus.groovy.runtime.callsite.CallSiteArray.defaultCall(CallSiteArray.java:48) ~[groovy-2.4.5.jar:2.4.5]
	at org.codehaus.groovy.runtime.callsite.AbstractCallSite.call(AbstractCallSite.java:113) ~[groovy-2.4.5.jar:2.4.5]
	at org.codehaus.groovy.runtime.callsite.BooleanReturningMethodInvoker.invoke(BooleanReturningMethodInvoker.java:51) ~[groovy-2.4.5.jar:2.4.5]
	at org.codehaus.groovy.runtime.callsite.BooleanClosureWrapper.call(BooleanClosureWrapper.java:53) ~[groovy-2.4.5.jar:2.4.5]
	at org.codehaus.groovy.runtime.DefaultGroovyMethods.removeAll(DefaultGroovyMethods.java:4417) ~[groovy-2.4.5.jar:2.4.5]
	at org.codehaus.groovy.runtime.dgm$519.invoke(Unknown Source) ~[groovy-2.4.5.jar:2.4.5]
	at org.codehaus.groovy.runtime.callsite.PojoMetaMethodSite$PojoMetaMethodSiteNoUnwrapNoCoerce.invoke(PojoMetaMethodSite.java:274) ~[groovy-2.4.5.jar:2.4.5]
	at org.codehaus.groovy.runtime.callsite.PojoMetaMethodSite.call(PojoMetaMethodSite.java:56) ~[groovy-2.4.5.jar:2.4.5]
	at org.codehaus.groovy.runtime.callsite.CallSiteArray.defaultCall(CallSiteArray.java:48) ~[groovy-2.4.5.jar:2.4.5]
	at org.codehaus.groovy.runtime.callsite.AbstractCallSite.call(AbstractCallSite.java:113) ~[groovy-2.4.5.jar:2.4.5]
	at org.codehaus.groovy.runtime.callsite.AbstractCallSite.call(AbstractCallSite.java:125) ~[groovy-2.4.5.jar:2.4.5]
	at grails.plugin.formfields.FormFieldsTagLib.resolvePersistentProperties(FormFieldsTagLib.groovy:425) ~[fields-2.1.2.jar:na]
	at sun.reflect.NativeMethodAccessorImpl.invoke0(Native Method) ~[na:1.8.0_25]
	at sun.reflect.NativeMethodAccessorImpl.invoke(NativeMethodAccessorImpl.java:62) ~[na:1.8.0_25]
	at sun.reflect.DelegatingMethodAccessorImpl.invoke(DelegatingMethodAccessorImpl.java:43) ~[na:1.8.0_25]
	at java.lang.reflect.Method.invoke(Method.java:483) ~[na:1.8.0_25]
	at org.springsource.loaded.ri.ReflectiveInterceptor.jlrMethodInvoke(ReflectiveInterceptor.java:1426) ~[springloaded-1.2.5.RELEASE.jar:1.2.5.RELEASE]
	at org.codehaus.groovy.reflection.CachedMethod.invoke(CachedMethod.java:93) ~[groovy-2.4.5.jar:2.4.5]
	at groovy.lang.MetaMethod.doMethodInvoke(MetaMethod.java:325) ~[groovy-2.4.5.jar:2.4.5]
	at org.codehaus.groovy.runtime.metaclass.ClosureMetaClass.invokeMethod(ClosureMetaClass.java:384) ~[groovy-2.4.5.jar:2.4.5]
	at groovy.lang.MetaClassImpl.invokeMethod(MetaClassImpl.java:1019) ~[groovy-2.4.5.jar:2.4.5]
	at org.codehaus.groovy.runtime.callsite.PogoMetaClassSite.callCurrent(PogoMetaClassSite.java:69) ~[groovy-2.4.5.jar:2.4.5]
	at org.codehaus.groovy.runtime.callsite.CallSiteArray.defaultCallCurrent(CallSiteArray.java:52) ~[groovy-2.4.5.jar:2.4.5]
	at org.codehaus.groovy.runtime.callsite.AbstractCallSite.callCurrent(AbstractCallSite.java:154) ~[groovy-2.4.5.jar:2.4.5]
	at org.codehaus.groovy.runtime.callsite.AbstractCallSite.callCurrent(AbstractCallSite.java:174) ~[groovy-2.4.5.jar:2.4.5]
	at grails.plugin.formfields.FormFieldsTagLib$_closure2.doCall(FormFieldsTagLib.groovy:100) ~[fields-2.1.2.jar:na]
	at sun.reflect.NativeMethodAccessorImpl.invoke0(Native Method) ~[na:1.8.0_25]
	at sun.reflect.NativeMethodAccessorImpl.invoke(NativeMethodAccessorImpl.java:62) ~[na:1.8.0_25]
	at sun.reflect.DelegatingMethodAccessorImpl.invoke(DelegatingMethodAccessorImpl.java:43) ~[na:1.8.0_25]
	at java.lang.reflect.Method.invoke(Method.java:483) ~[na:1.8.0_25]
	at org.springsource.loaded.ri.ReflectiveInterceptor.jlrMethodInvoke(ReflectiveInterceptor.java:1426) ~[springloaded-1.2.5.RELEASE.jar:1.2.5.RELEASE]
	at org.codehaus.groovy.reflection.CachedMethod.invoke(CachedMethod.java:93) ~[groovy-2.4.5.jar:2.4.5]
	at groovy.lang.MetaMethod.doMethodInvoke(MetaMethod.java:325) ~[groovy-2.4.5.jar:2.4.5]
	at org.codehaus.groovy.runtime.metaclass.ClosureMetaClass.invokeMethod(ClosureMetaClass.java:294) ~[groovy-2.4.5.jar:2.4.5]
	at groovy.lang.MetaClassImpl.invokeMethod(MetaClassImpl.java:1019) ~[groovy-2.4.5.jar:2.4.5]
	at groovy.lang.Closure.call(Closure.java:426) ~[groovy-2.4.5.jar:2.4.5]
	at org.grails.gsp.GroovyPage.invokeTagLibClosure(GroovyPage.java:412) ~[grails-gsp-3.1.1.jar:3.1.1]
	at org.grails.gsp.GroovyPage.invokeTag(GroovyPage.java:337) ~[grails-gsp-3.1.1.jar:3.1.1]
	at sun.reflect.GeneratedMethodAccessor174.invoke(Unknown Source) ~[na:na]
	at sun.reflect.DelegatingMethodAccessorImpl.invoke(DelegatingMethodAccessorImpl.java:43) ~[na:1.8.0_25]
	at java.lang.reflect.Method.invoke(Method.java:483) ~[na:1.8.0_25]
	at org.springsource.loaded.ri.ReflectiveInterceptor.jlrMethodInvoke(ReflectiveInterceptor.java:1426) ~[springloaded-1.2.5.RELEASE.jar:1.2.5.RELEASE]
	at org.codehaus.groovy.reflection.CachedMethod.invoke(CachedMethod.java:93) ~[groovy-2.4.5.jar:2.4.5]
	at groovy.lang.MetaMethod.doMethodInvoke(MetaMethod.java:325) ~[groovy-2.4.5.jar:2.4.5]
	at org.codehaus.groovy.runtime.metaclass.ClosureMetaClass.invokeMethod(ClosureMetaClass.java:384) ~[groovy-2.4.5.jar:2.4.5]
	at groovy.lang.MetaClassImpl.invokeMethod(MetaClassImpl.java:1019) ~[groovy-2.4.5.jar:2.4.5]
	at org.codehaus.groovy.runtime.callsite.PogoMetaClassSite.callCurrent(PogoMetaClassSite.java:69) ~[groovy-2.4.5.jar:2.4.5]
	at org.codehaus.groovy.runtime.callsite.CallSiteArray.defaultCallCurrent(CallSiteArray.java:52) ~[groovy-2.4.5.jar:2.4.5]
	at org.codehaus.groovy.runtime.callsite.AbstractCallSite.callCurrent(AbstractCallSite.java:154) ~[groovy-2.4.5.jar:2.4.5]
	at Users_walu_groovy_TekDays_grails_app_views_tekEvent_create_gsp$_run_closure2$_closure24.doCall(Users_walu_groovy_TekDays_grails_app_views_tekEvent_create_gsp:74) ~[na:na]
	at sun.reflect.NativeMethodAccessorImpl.invoke0(Native Method) ~[na:1.8.0_25]
	at sun.reflect.NativeMethodAccessorImpl.invoke(NativeMethodAccessorImpl.java:62) ~[na:1.8.0_25]
	at sun.reflect.DelegatingMethodAccessorImpl.invoke(DelegatingMethodAccessorImpl.java:43) ~[na:1.8.0_25]
	at java.lang.reflect.Method.invoke(Method.java:483) ~[na:1.8.0_25]
	at org.springsource.loaded.ri.ReflectiveInterceptor.jlrMethodInvoke(ReflectiveInterceptor.java:1426) ~[springloaded-1.2.5.RELEASE.jar:1.2.5.RELEASE]
	at org.codehaus.groovy.reflection.CachedMethod.invoke(CachedMethod.java:93) ~[groovy-2.4.5.jar:2.4.5]
	at groovy.lang.MetaMethod.doMethodInvoke(MetaMethod.java:325) ~[groovy-2.4.5.jar:2.4.5]
	at org.codehaus.groovy.runtime.metaclass.ClosureMetaClass.invokeMethod(ClosureMetaClass.java:294) ~[groovy-2.4.5.jar:2.4.5]
	at groovy.lang.MetaClassImpl.invokeMethod(MetaClassImpl.java:1019) ~[groovy-2.4.5.jar:2.4.5]
	at groovy.lang.Closure.call(Closure.java:426) ~[groovy-2.4.5.jar:2.4.5]
	at groovy.lang.Closure.call(Closure.java:420) ~[groovy-2.4.5.jar:2.4.5]
	at org.grails.taglib.TagBodyClosure.executeClosure(TagBodyClosure.java:200) ~[grails-taglib-3.1.1.jar:3.1.1]
	at org.grails.taglib.TagBodyClosure.captureClosureOutput(TagBodyClosure.java:102) ~[grails-taglib-3.1.1.jar:3.1.1]
	at org.grails.taglib.TagBodyClosure.call(TagBodyClosure.java:213) ~[grails-taglib-3.1.1.jar:3.1.1]
	at java_util_concurrent_Callable$call.call(Unknown Source) ~[na:na]
	at org.codehaus.groovy.runtime.callsite.CallSiteArray.defaultCall(CallSiteArray.java:48) ~[groovy-2.4.5.jar:2.4.5]
	at org.codehaus.groovy.runtime.callsite.AbstractCallSite.call(AbstractCallSite.java:113) ~[groovy-2.4.5.jar:2.4.5]
	at org.codehaus.groovy.runtime.callsite.AbstractCallSite.call(AbstractCallSite.java:117) ~[groovy-2.4.5.jar:2.4.5]
	at org.grails.plugins.web.taglib.FormTagLib$_closure9.doCall(FormTagLib.groovy:443) ~[grails-plugin-gsp-3.1.1.jar:3.1.1]
	at sun.reflect.NativeMethodAccessorImpl.invoke0(Native Method) ~[na:1.8.0_25]
	at sun.reflect.NativeMethodAccessorImpl.invoke(NativeMethodAccessorImpl.java:62) ~[na:1.8.0_25]
	at sun.reflect.DelegatingMethodAccessorImpl.invoke(DelegatingMethodAccessorImpl.java:43) ~[na:1.8.0_25]
	at java.lang.reflect.Method.invoke(Method.java:483) ~[na:1.8.0_25]
	at org.springsource.loaded.ri.ReflectiveInterceptor.jlrMethodInvoke(ReflectiveInterceptor.java:1426) ~[springloaded-1.2.5.RELEASE.jar:1.2.5.RELEASE]
	at org.codehaus.groovy.reflection.CachedMethod.invoke(CachedMethod.java:93) ~[groovy-2.4.5.jar:2.4.5]
	at groovy.lang.MetaMethod.doMethodInvoke(MetaMethod.java:325) ~[groovy-2.4.5.jar:2.4.5]
	at org.codehaus.groovy.runtime.metaclass.ClosureMetaClass.invokeMethod(ClosureMetaClass.java:294) ~[groovy-2.4.5.jar:2.4.5]
	at groovy.lang.MetaClassImpl.invokeMethod(MetaClassImpl.java:1019) ~[groovy-2.4.5.jar:2.4.5]
	at groovy.lang.Closure.call(Closure.java:426) ~[groovy-2.4.5.jar:2.4.5]
	at org.grails.gsp.GroovyPage.invokeTagLibClosure(GroovyPage.java:419) ~[grails-gsp-3.1.1.jar:3.1.1]
	at org.grails.gsp.GroovyPage.invokeTag(GroovyPage.java:337) ~[grails-gsp-3.1.1.jar:3.1.1]
	at sun.reflect.GeneratedMethodAccessor174.invoke(Unknown Source) ~[na:na]
	at sun.reflect.DelegatingMethodAccessorImpl.invoke(DelegatingMethodAccessorImpl.java:43) ~[na:1.8.0_25]
	at java.lang.reflect.Method.invoke(Method.java:483) ~[na:1.8.0_25]
	at org.springsource.loaded.ri.ReflectiveInterceptor.jlrMethodInvoke(ReflectiveInterceptor.java:1426) ~[springloaded-1.2.5.RELEASE.jar:1.2.5.RELEASE]
	at org.codehaus.groovy.reflection.CachedMethod.invoke(CachedMethod.java:93) ~[groovy-2.4.5.jar:2.4.5]
	at groovy.lang.MetaMethod.doMethodInvoke(MetaMethod.java:325) ~[groovy-2.4.5.jar:2.4.5]
	at org.codehaus.groovy.runtime.metaclass.ClosureMetaClass.invokeMethod(ClosureMetaClass.java:384) ~[groovy-2.4.5.jar:2.4.5]
	at groovy.lang.MetaClassImpl.invokeMethod(MetaClassImpl.java:1019) ~[groovy-2.4.5.jar:2.4.5]
	at org.codehaus.groovy.runtime.callsite.PogoMetaClassSite.callCurrent(PogoMetaClassSite.java:69) ~[groovy-2.4.5.jar:2.4.5]
	at org.codehaus.groovy.runtime.callsite.CallSiteArray.defaultCallCurrent(CallSiteArray.java:52) ~[groovy-2.4.5.jar:2.4.5]
	at org.codehaus.groovy.runtime.callsite.AbstractCallSite.callCurrent(AbstractCallSite.java:154) ~[groovy-2.4.5.jar:2.4.5]
	at Users_walu_groovy_TekDays_grails_app_views_tekEvent_create_gsp$_run_closure2.doCall(Users_walu_groovy_TekDays_grails_app_views_tekEvent_create_gsp:79) ~[na:na]
	at sun.reflect.NativeMethodAccessorImpl.invoke0(Native Method) ~[na:1.8.0_25]
	at sun.reflect.NativeMethodAccessorImpl.invoke(NativeMethodAccessorImpl.java:62) ~[na:1.8.0_25]
	at sun.reflect.DelegatingMethodAccessorImpl.invoke(DelegatingMethodAccessorImpl.java:43) ~[na:1.8.0_25]
	at java.lang.reflect.Method.invoke(Method.java:483) ~[na:1.8.0_25]
	at org.springsource.loaded.ri.ReflectiveInterceptor.jlrMethodInvoke(ReflectiveInterceptor.java:1426) ~[springloaded-1.2.5.RELEASE.jar:1.2.5.RELEASE]
	at org.codehaus.groovy.reflection.CachedMethod.invoke(CachedMethod.java:93) ~[groovy-2.4.5.jar:2.4.5]
	at groovy.lang.MetaMethod.doMethodInvoke(MetaMethod.java:325) ~[groovy-2.4.5.jar:2.4.5]
	at org.codehaus.groovy.runtime.metaclass.ClosureMetaClass.invokeMethod(ClosureMetaClass.java:294) ~[groovy-2.4.5.jar:2.4.5]
	at groovy.lang.MetaClassImpl.invokeMethod(MetaClassImpl.java:1019) ~[groovy-2.4.5.jar:2.4.5]
	at groovy.lang.Closure.call(Closure.java:426) ~[groovy-2.4.5.jar:2.4.5]
	at groovy.lang.Closure.call(Closure.java:420) ~[groovy-2.4.5.jar:2.4.5]
	at org.grails.taglib.TagBodyClosure.executeClosure(TagBodyClosure.java:200) ~[grails-taglib-3.1.1.jar:3.1.1]
	at org.grails.taglib.TagBodyClosure.captureClosureOutput(TagBodyClosure.java:102) ~[grails-taglib-3.1.1.jar:3.1.1]
	at org.grails.taglib.TagBodyClosure.call(TagBodyClosure.java:213) ~[grails-taglib-3.1.1.jar:3.1.1]
	at org.grails.plugins.web.taglib.SitemeshTagLib.captureTagContent(SitemeshTagLib.groovy:48) ~[grails-web-gsp-taglib-3.1.1.jar:3.1.1]
	at org.grails.plugins.web.taglib.SitemeshTagLib.captureTagContent(SitemeshTagLib.groovy) ~[grails-web-gsp-taglib-3.1.1.jar:3.1.1]
	at org.grails.plugins.web.taglib.SitemeshTagLib$_closure3.doCall(SitemeshTagLib.groovy:156) ~[grails-web-gsp-taglib-3.1.1.jar:3.1.1]
	at sun.reflect.NativeMethodAccessorImpl.invoke0(Native Method) ~[na:1.8.0_25]
	at sun.reflect.NativeMethodAccessorImpl.invoke(NativeMethodAccessorImpl.java:62) ~[na:1.8.0_25]
	at sun.reflect.DelegatingMethodAccessorImpl.invoke(DelegatingMethodAccessorImpl.java:43) ~[na:1.8.0_25]
	at java.lang.reflect.Method.invoke(Method.java:483) ~[na:1.8.0_25]
	at org.springsource.loaded.ri.ReflectiveInterceptor.jlrMethodInvoke(ReflectiveInterceptor.java:1426) ~[springloaded-1.2.5.RELEASE.jar:1.2.5.RELEASE]
	at org.codehaus.groovy.reflection.CachedMethod.invoke(CachedMethod.java:93) ~[groovy-2.4.5.jar:2.4.5]
	at groovy.lang.MetaMethod.doMethodInvoke(MetaMethod.java:325) ~[groovy-2.4.5.jar:2.4.5]
	at org.codehaus.groovy.runtime.metaclass.ClosureMetaClass.invokeMethod(ClosureMetaClass.java:294) ~[groovy-2.4.5.jar:2.4.5]
	at groovy.lang.MetaClassImpl.invokeMethod(MetaClassImpl.java:1019) ~[groovy-2.4.5.jar:2.4.5]
	at groovy.lang.Closure.call(Closure.java:426) ~[groovy-2.4.5.jar:2.4.5]
	at org.grails.gsp.GroovyPage.invokeTagLibClosure(GroovyPage.java:419) ~[grails-gsp-3.1.1.jar:3.1.1]
	at org.grails.gsp.GroovyPage.invokeTag(GroovyPage.java:337) ~[grails-gsp-3.1.1.jar:3.1.1]
	at org.grails.gsp.GroovyPage$invokeTag$4.callCurrent(Unknown Source) ~[na:na]
	at org.codehaus.groovy.runtime.callsite.CallSiteArray.defaultCallCurrent(CallSiteArray.java:52) ~[groovy-2.4.5.jar:2.4.5]
	at org.codehaus.groovy.runtime.callsite.AbstractCallSite.callCurrent(AbstractCallSite.java:154) ~[groovy-2.4.5.jar:2.4.5]
	at Users_walu_groovy_TekDays_grails_app_views_tekEvent_create_gsp.run(Users_walu_groovy_TekDays_grails_app_views_tekEvent_create_gsp:82) ~[na:na]
	at org.grails.gsp.GroovyPageWritable.doWriteTo(GroovyPageWritable.java:164) ~[grails-gsp-3.1.1.jar:3.1.1]
	at org.grails.gsp.GroovyPageWritable.writeTo(GroovyPageWritable.java:82) ~[grails-gsp-3.1.1.jar:3.1.1]
	at org.grails.web.servlet.view.GroovyPageView.renderTemplate(GroovyPageView.java:76) ~[grails-web-gsp-3.1.1.jar:3.1.1]
	at org.grails.web.servlet.view.AbstractGrailsView.renderWithinGrailsWebRequest(AbstractGrailsView.java:71) [grails-web-common-3.1.1.jar:3.1.1]
	at org.grails.web.servlet.view.AbstractGrailsView.renderMergedOutputModel(AbstractGrailsView.java:55) [grails-web-common-3.1.1.jar:3.1.1]
	at org.springframework.web.servlet.view.AbstractView.render(AbstractView.java:303) [spring-webmvc-4.2.4.RELEASE.jar:4.2.4.RELEASE]
	at org.grails.web.sitemesh.GrailsLayoutView.renderInnerView(GrailsLayoutView.java:125) [grails-web-sitemesh-3.1.1.jar:3.1.1]
	at org.grails.web.sitemesh.GrailsLayoutView.obtainContent(GrailsLayoutView.java:106) [grails-web-sitemesh-3.1.1.jar:3.1.1]
	at org.grails.web.sitemesh.GrailsLayoutView.renderTemplate(GrailsLayoutView.java:55) [grails-web-sitemesh-3.1.1.jar:3.1.1]
	at org.grails.web.servlet.view.AbstractGrailsView.renderWithinGrailsWebRequest(AbstractGrailsView.java:71) [grails-web-common-3.1.1.jar:3.1.1]
	at org.grails.web.servlet.view.AbstractGrailsView.renderMergedOutputModel(AbstractGrailsView.java:55) [grails-web-common-3.1.1.jar:3.1.1]
	at org.springframework.web.servlet.view.AbstractView.render(AbstractView.java:303) [spring-webmvc-4.2.4.RELEASE.jar:4.2.4.RELEASE]
	at org.springframework.web.servlet.DispatcherServlet.render(DispatcherServlet.java:1243) [spring-webmvc-4.2.4.RELEASE.jar:4.2.4.RELEASE]
	at org.springframework.web.servlet.DispatcherServlet.processDispatchResult(DispatcherServlet.java:1027) [spring-webmvc-4.2.4.RELEASE.jar:4.2.4.RELEASE]
	at org.springframework.web.servlet.DispatcherServlet.doDispatch(DispatcherServlet.java:971) [spring-webmvc-4.2.4.RELEASE.jar:4.2.4.RELEASE]
	at org.springframework.web.servlet.DispatcherServlet.doService(DispatcherServlet.java:893) [spring-webmvc-4.2.4.RELEASE.jar:4.2.4.RELEASE]
	at org.springframework.web.servlet.FrameworkServlet.processRequest(FrameworkServlet.java:969) [spring-webmvc-4.2.4.RELEASE.jar:4.2.4.RELEASE]
	at org.springframework.web.servlet.FrameworkServlet.doGet(FrameworkServlet.java:860) [spring-webmvc-4.2.4.RELEASE.jar:4.2.4.RELEASE]
	at javax.servlet.http.HttpServlet.service(HttpServlet.java:622) [tomcat-embed-core-8.0.30.jar:8.0.30]
	at org.springframework.web.servlet.FrameworkServlet.service(FrameworkServlet.java:845) [spring-webmvc-4.2.4.RELEASE.jar:4.2.4.RELEASE]
	at javax.servlet.http.HttpServlet.service(HttpServlet.java:729) [tomcat-embed-core-8.0.30.jar:8.0.30]
	at org.apache.catalina.core.ApplicationFilterChain.internalDoFilter(ApplicationFilterChain.java:291) [tomcat-embed-core-8.0.30.jar:8.0.30]
	at org.apache.catalina.core.ApplicationFilterChain.doFilter(ApplicationFilterChain.java:206) [tomcat-embed-core-8.0.30.jar:8.0.30]
	at org.apache.tomcat.websocket.server.WsFilter.doFilter(WsFilter.java:52) [tomcat-embed-websocket-8.0.30.jar:8.0.30]
	at org.apache.catalina.core.ApplicationFilterChain.internalDoFilter(ApplicationFilterChain.java:239) [tomcat-embed-core-8.0.30.jar:8.0.30]
	at org.apache.catalina.core.ApplicationFilterChain.doFilter(ApplicationFilterChain.java:206) [tomcat-embed-core-8.0.30.jar:8.0.30]
	at org.springframework.boot.actuate.autoconfigure.EndpointWebMvcAutoConfiguration$ApplicationContextHeaderFilter.doFilterInternal(EndpointWebMvcAutoConfiguration.java:237) [spring-boot-actuator-1.3.2.RELEASE.jar:1.3.2.RELEASE]
	at org.springframework.web.filter.OncePerRequestFilter.doFilter(OncePerRequestFilter.java:107) [spring-web-4.2.4.RELEASE.jar:4.2.4.RELEASE]
	at org.apache.catalina.core.ApplicationFilterChain.internalDoFilter(ApplicationFilterChain.java:239) [tomcat-embed-core-8.0.30.jar:8.0.30]
	at org.apache.catalina.core.ApplicationFilterChain.doFilter(ApplicationFilterChain.java:206) [tomcat-embed-core-8.0.30.jar:8.0.30]
	at org.springframework.boot.actuate.trace.WebRequestTraceFilter.doFilterInternal(WebRequestTraceFilter.java:111) [spring-boot-actuator-1.3.2.RELEASE.jar:1.3.2.RELEASE]
	at org.springframework.web.filter.OncePerRequestFilter.doFilter(OncePerRequestFilter.java:107) [spring-web-4.2.4.RELEASE.jar:4.2.4.RELEASE]
	at org.apache.catalina.core.ApplicationFilterChain.internalDoFilter(ApplicationFilterChain.java:239) [tomcat-embed-core-8.0.30.jar:8.0.30]
	at org.apache.catalina.core.ApplicationFilterChain.doFilter(ApplicationFilterChain.java:206) [tomcat-embed-core-8.0.30.jar:8.0.30]
	at org.grails.web.servlet.mvc.GrailsWebRequestFilter.doFilterInternal(GrailsWebRequestFilter.java:73) [grails-web-mvc-3.1.1.jar:3.1.1]
	at org.springframework.web.filter.OncePerRequestFilter.doFilter(OncePerRequestFilter.java:107) [spring-web-4.2.4.RELEASE.jar:4.2.4.RELEASE]
	at org.apache.catalina.core.ApplicationFilterChain.internalDoFilter(ApplicationFilterChain.java:239) [tomcat-embed-core-8.0.30.jar:8.0.30]
	at org.apache.catalina.core.ApplicationFilterChain.doFilter(ApplicationFilterChain.java:206) [tomcat-embed-core-8.0.30.jar:8.0.30]
	at org.grails.web.filters.HiddenHttpMethodFilter.doFilterInternal(HiddenHttpMethodFilter.java:67) [grails-web-mvc-3.1.1.jar:3.1.1]
	at org.springframework.web.filter.OncePerRequestFilter.doFilter(OncePerRequestFilter.java:107) [spring-web-4.2.4.RELEASE.jar:4.2.4.RELEASE]
	at org.apache.catalina.core.ApplicationFilterChain.internalDoFilter(ApplicationFilterChain.java:239) [tomcat-embed-core-8.0.30.jar:8.0.30]
	at org.apache.catalina.core.ApplicationFilterChain.doFilter(ApplicationFilterChain.java:206) [tomcat-embed-core-8.0.30.jar:8.0.30]
	at org.springframework.web.filter.CharacterEncodingFilter.doFilterInternal(CharacterEncodingFilter.java:121) [spring-web-4.2.4.RELEASE.jar:4.2.4.RELEASE]
	at org.springframework.web.filter.OncePerRequestFilter.doFilter(OncePerRequestFilter.java:107) [spring-web-4.2.4.RELEASE.jar:4.2.4.RELEASE]
	at org.apache.catalina.core.ApplicationFilterChain.internalDoFilter(ApplicationFilterChain.java:239) [tomcat-embed-core-8.0.30.jar:8.0.30]
	at org.apache.catalina.core.ApplicationFilterChain.doFilter(ApplicationFilterChain.java:206) [tomcat-embed-core-8.0.30.jar:8.0.30]
	at org.springframework.boot.actuate.autoconfigure.MetricsFilter.doFilterInternal(MetricsFilter.java:103) [spring-boot-actuator-1.3.2.RELEASE.jar:1.3.2.RELEASE]
	at org.springframework.web.filter.OncePerRequestFilter.doFilter(OncePerRequestFilter.java:107) [spring-web-4.2.4.RELEASE.jar:4.2.4.RELEASE]
	at org.apache.catalina.core.ApplicationFilterChain.internalDoFilter(ApplicationFilterChain.java:239) [tomcat-embed-core-8.0.30.jar:8.0.30]
	at org.apache.catalina.core.ApplicationFilterChain.doFilter(ApplicationFilterChain.java:206) [tomcat-embed-core-8.0.30.jar:8.0.30]
	at org.apache.catalina.core.StandardWrapperValve.invoke(StandardWrapperValve.java:212) [tomcat-embed-core-8.0.30.jar:8.0.30]
	at org.apache.catalina.core.StandardContextValve.invoke(StandardContextValve.java:106) [tomcat-embed-core-8.0.30.jar:8.0.30]
	at org.apache.catalina.authenticator.AuthenticatorBase.invoke(AuthenticatorBase.java:502) [tomcat-embed-core-8.0.30.jar:8.0.30]
	at org.apache.catalina.core.StandardHostValve.invoke(StandardHostValve.java:141) [tomcat-embed-core-8.0.30.jar:8.0.30]
	at org.apache.catalina.valves.ErrorReportValve.invoke(ErrorReportValve.java:79) [tomcat-embed-core-8.0.30.jar:8.0.30]
	at org.apache.catalina.core.StandardEngineValve.invoke(StandardEngineValve.java:88) [tomcat-embed-core-8.0.30.jar:8.0.30]
	at org.apache.catalina.connector.CoyoteAdapter.service(CoyoteAdapter.java:521) [tomcat-embed-core-8.0.30.jar:8.0.30]
	at org.apache.coyote.http11.AbstractHttp11Processor.process(AbstractHttp11Processor.java:1096) [tomcat-embed-core-8.0.30.jar:8.0.30]
	at org.apache.coyote.AbstractProtocol$AbstractConnectionHandler.process(AbstractProtocol.java:674) [tomcat-embed-core-8.0.30.jar:8.0.30]
	at org.apache.tomcat.util.net.NioEndpoint$SocketProcessor.doRun(NioEndpoint.java:1500) [tomcat-embed-core-8.0.30.jar:8.0.30]
	at org.apache.tomcat.util.net.NioEndpoint$SocketProcessor.run(NioEndpoint.java:1456) [tomcat-embed-core-8.0.30.jar:8.0.30]
	at java.util.concurrent.ThreadPoolExecutor.runWorker(ThreadPoolExecutor.java:1142) [na:1.8.0_25]
	at java.util.concurrent.ThreadPoolExecutor$Worker.run(ThreadPoolExecutor.java:617) [na:1.8.0_25]
	at org.apache.tomcat.util.threads.TaskThread$WrappingRunnable.run(TaskThread.java:61) [tomcat-embed-core-8.0.30.jar:8.0.30]
	at java.lang.Thread.run(Thread.java:745) [na:1.8.0_25]
ERROR StackTrace - Full Stack Trace:
org.grails.taglib.GrailsTagException: [views/tekEvent/create.gsp:35] Error executing tag <g:form>: [views/tekEvent/create.gsp:30] Error executing tag <f:all>: No signature of method: com.tekdays.TekEvent.messages() is applicable for argument types: (java.util.LinkedHashMap) values: [[nullable:true]]
Possible solutions: merge(), getMessags(), merge(com.tekdays.TekEvent), merge(java.util.Map)
	at Users_walu_groovy_TekDays_grails_app_views_tekEvent_create_gsp$_run_closure2.doCall(Users_walu_groovy_TekDays_grails_app_views_tekEvent_create_gsp:79) ~[na:na]
	at Users_walu_groovy_TekDays_grails_app_views_tekEvent_create_gsp.run(Users_walu_groovy_TekDays_grails_app_views_tekEvent_create_gsp:82) ~[na:na]
	at java.util.concurrent.ThreadPoolExecutor.runWorker(ThreadPoolExecutor.java:1142) ~[na:1.8.0_25]
	at java.util.concurrent.ThreadPoolExecutor$Worker.run(ThreadPoolExecutor.java:617) ~[na:1.8.0_25]
	at java.lang.Thread.run(Thread.java:745) [na:1.8.0_25]
Caused by: org.grails.taglib.GrailsTagException: [views/tekEvent/create.gsp:30] Error executing tag <f:all>: No signature of method: com.tekdays.TekEvent.messages() is applicable for argument types: (java.util.LinkedHashMap) values: [[nullable:true]]
Possible solutions: merge(), getMessags(), merge(com.tekdays.TekEvent), merge(java.util.Map)
	at Users_walu_groovy_TekDays_grails_app_views_tekEvent_create_gsp$_run_closure2$_closure24.doCall(Users_walu_groovy_TekDays_grails_app_views_tekEvent_create_gsp:74) ~[na:na]
	... 5 common frames omitted
Caused by: groovy.lang.MissingMethodException: No signature of method: com.tekdays.TekEvent.messages() is applicable for argument types: (java.util.LinkedHashMap) values: [[nullable:true]]
Possible solutions: merge(), getMessags(), merge(com.tekdays.TekEvent), merge(java.util.Map)
	at com.tekdays.TekEvent$__clinit__closure1.doCall(TekEvent.groovy:35) ~[main/:na]
	at grails.plugin.formfields.FormFieldsTagLib$_resolvePersistentProperties_closure13.doCall(FormFieldsTagLib.groovy:425) ~[fields-2.1.2.jar:na]
	at grails.plugin.formfields.FormFieldsTagLib.resolvePersistentProperties(FormFieldsTagLib.groovy:425) ~[fields-2.1.2.jar:na]
	at grails.plugin.formfields.FormFieldsTagLib$_closure2.doCall(FormFieldsTagLib.groovy:100) ~[fields-2.1.2.jar:na]
	... 6 common frames omitted
